diff --git a/gson/j2objc/process_notes.txt b/gson/j2objc/process_notes.txt
new file mode 100644
index 000000000..caf442179
--- /dev/null
+++ b/gson/j2objc/process_notes.txt
@@ -0,0 +1,83 @@
+
+PROCESS NOTES
+————————————
+
+start with json, no deps beyond simple java (cheating a little) 
+
+goal
+compile java (just to make sure it works, extra step to get in habit) 
+transpile to obj-c
+compile objc-c
+transpile/compile gson TESTS
+run the tests as OBJECTIVE MUTHA FUCKIN C
+
+http://j2objc.org/docs/Design-Overview.html
+1. rewriter rewrites stuff that doesn’t have java equivalent, it all started here, was bigger, stuff split out
+2. autoboxer
+3. iostypeconverter — foundation classes, object, number, string, throwable, class, etc
+4. iosmethodconverter - uses a mapping table to “fix” method names, no overloading allowed!
+5. initialization normalizer - static vars and static blocks and any init stuff moved into initializers
+6. anon class converter - makes anon classes into inner classes
+7. inner class converter - makes inner classes top level classes “in sample compilation unit” (runs after anon class step, so once this is done it’s all top level, yup)
+8. destructor converter - creates mem momt destructors as needed, tries to deal with finalize, depends on arc or not, etc
+9. complex expression extractor - breaks up complex expressions like chained method calls
+10. nil check resolver - ads nil_chk wherever an expression is dereferenced
+
+https://groups.google.com/forum/#!topic/j2objc-discuss/iXdtl4KRP1k
+notes from tom:
+Here are the basic steps:
+
+Run "rm -rf /tmp/build && mkdir /tmp/build"
+Run "javac -d /tmp/build BLSSMIBI.java" (or whatever that file is named that created BLSSMIBI.o)
+Run "find /tmp/build -name '*.class' | fgrep -v '$' | sed 's/class$/java/' | sed 's/\/tmp\/build\///' > sources.list
+Run "sed 's/java$/m/' sources.list > objc-files.list
+
+The first step creates a clean build environment. 
+The second step compiles the Java source; javac will also compile any dependent classes that are in the source path ("." by default). If the javac command fails, add a "-sourcepath path" argument to it and retry, adjusting the source path until javac completes without errors. DO NOT add a class path argument unless it's for an already translated library like libjunit.a -- all app dependencies should use Java sources (if you don't have source, then the code can't be translated).
+The third step: a) lists the class files javac generated, b) filters out any inner or anonymous classes from that list, c) converts the ".class" suffixes to ".java", d) removes the /tmp/javac from the file names, and e) saves the list to the sources.list file. 
+The fourth step creates a list of ".m" files for each Java source, saving it to objc-files.list.
+
+These steps generate the complete closure of all source files needed for the app. Now, translate them all ("j2objc -d /tmp/build flags $(cat sources.list)" will do it in one step), then compile them all ("j2objcc -o executable_name -I/tmp/build $(cat objc-files.list)"). Since sources.list has all the Java dependencies, objc-files.list will have all the dependent code, resolving any link errors from missing object files.
+
+Once these steps work, consider copying them into a script file such as build.sh, so future builds can be run using "bash build.sh".
+
+
+mvn test
+runs 1018 tests as java, all good, proceed
+
+mvn dependency:unpack-dependencies -Dclassifier=sources
+this puts all the stuff in target/dependency
+
+find ../src/main -name "*.java" > sources.txt 
+
+find ../src/test -name "*.java" > sources_test.txt 
+
+1. transpile regular source to objc source 0 j2objc
+
+mkdir build_java                  
+javac -d ./build_java @sources.txt
+
+2. j2objc that shit with same command to diff output dir
+
+j2objc -d ./build_objc @sources.txt
+
+3. j2objcc that shit into o binaries?
+
+
+
+find ../src -name "*.java" > sources_all.txt
+javac -d ./build_java @sources_all.txt
+javac -classpath ~/.m2/repository/junit/junit/4.12/junit-4.12.jar -d ./build_java @sources_all.txt
+j2objc --no-package-directories -classpath ~/.m2/repository/junit/junit/4.12/junit-4.12.jar -d ./build_objc @sources_all.txt
+j2objcc -Wno-deprecated -ObjC -o gsonobjc -ljre_emul -ljunit ./build_objc/*.m
+./gsonobjc org.junit.runner.JUnitCore ComGoogleGsonCommentsTest
+
+holy shit it worked
+JUnit version 4.11
+.
+Time: 0.004
+
+OK (1 test)
+
+get all the "tests"
+find ./build_objc -name "*Test.m" | sed 's/.m$//' | sed 's/^.\/build_objc\//ComGoogleGson/'
diff --git a/gson/j2objc/sources.txt b/gson/j2objc/sources.txt
deleted file mode 100644
index f189b8c61..000000000
--- a/gson/j2objc/sources.txt
+++ /dev/null
@@ -1,67 +0,0 @@
-../src/main/java/com/google/gson/annotations/Expose.java
-../src/main/java/com/google/gson/annotations/JsonAdapter.java
-../src/main/java/com/google/gson/annotations/package-info.java
-../src/main/java/com/google/gson/annotations/SerializedName.java
-../src/main/java/com/google/gson/annotations/Since.java
-../src/main/java/com/google/gson/annotations/Until.java
-../src/main/java/com/google/gson/DefaultDateTypeAdapter.java
-../src/main/java/com/google/gson/ExclusionStrategy.java
-../src/main/java/com/google/gson/FieldAttributes.java
-../src/main/java/com/google/gson/FieldNamingPolicy.java
-../src/main/java/com/google/gson/FieldNamingStrategy.java
-../src/main/java/com/google/gson/Gson.java
-../src/main/java/com/google/gson/GsonBuilder.java
-../src/main/java/com/google/gson/InstanceCreator.java
-../src/main/java/com/google/gson/internal/$Gson$Preconditions.java
-../src/main/java/com/google/gson/internal/$Gson$Types.java
-../src/main/java/com/google/gson/internal/bind/ArrayTypeAdapter.java
-../src/main/java/com/google/gson/internal/bind/CollectionTypeAdapterFactory.java
-../src/main/java/com/google/gson/internal/bind/DateTypeAdapter.java
-../src/main/java/com/google/gson/internal/bind/JsonAdapterAnnotationTypeAdapterFactory.java
-../src/main/java/com/google/gson/internal/bind/JsonTreeReader.java
-../src/main/java/com/google/gson/internal/bind/JsonTreeWriter.java
-../src/main/java/com/google/gson/internal/bind/MapTypeAdapterFactory.java
-../src/main/java/com/google/gson/internal/bind/ObjectTypeAdapter.java
-../src/main/java/com/google/gson/internal/bind/ReflectiveTypeAdapterFactory.java
-../src/main/java/com/google/gson/internal/bind/SqlDateTypeAdapter.java
-../src/main/java/com/google/gson/internal/bind/TimeTypeAdapter.java
-../src/main/java/com/google/gson/internal/bind/TreeTypeAdapter.java
-../src/main/java/com/google/gson/internal/bind/TypeAdapterRuntimeTypeWrapper.java
-../src/main/java/com/google/gson/internal/bind/TypeAdapters.java
-../src/main/java/com/google/gson/internal/bind/util/ISO8601Utils.java
-../src/main/java/com/google/gson/internal/ConstructorConstructor.java
-../src/main/java/com/google/gson/internal/Excluder.java
-../src/main/java/com/google/gson/internal/JsonReaderInternalAccess.java
-../src/main/java/com/google/gson/internal/LazilyParsedNumber.java
-../src/main/java/com/google/gson/internal/LinkedHashTreeMap.java
-../src/main/java/com/google/gson/internal/LinkedTreeMap.java
-../src/main/java/com/google/gson/internal/ObjectConstructor.java
-../src/main/java/com/google/gson/internal/package-info.java
-../src/main/java/com/google/gson/internal/Primitives.java
-../src/main/java/com/google/gson/internal/Streams.java
-../src/main/java/com/google/gson/internal/UnsafeAllocator.java
-../src/main/java/com/google/gson/JsonArray.java
-../src/main/java/com/google/gson/JsonDeserializationContext.java
-../src/main/java/com/google/gson/JsonDeserializer.java
-../src/main/java/com/google/gson/JsonElement.java
-../src/main/java/com/google/gson/JsonIOException.java
-../src/main/java/com/google/gson/JsonNull.java
-../src/main/java/com/google/gson/JsonObject.java
-../src/main/java/com/google/gson/JsonParseException.java
-../src/main/java/com/google/gson/JsonParser.java
-../src/main/java/com/google/gson/JsonPrimitive.java
-../src/main/java/com/google/gson/JsonSerializationContext.java
-../src/main/java/com/google/gson/JsonSerializer.java
-../src/main/java/com/google/gson/JsonStreamParser.java
-../src/main/java/com/google/gson/JsonSyntaxException.java
-../src/main/java/com/google/gson/LongSerializationPolicy.java
-../src/main/java/com/google/gson/package-info.java
-../src/main/java/com/google/gson/reflect/package-info.java
-../src/main/java/com/google/gson/reflect/TypeToken.java
-../src/main/java/com/google/gson/stream/JsonReader.java
-../src/main/java/com/google/gson/stream/JsonScope.java
-../src/main/java/com/google/gson/stream/JsonToken.java
-../src/main/java/com/google/gson/stream/JsonWriter.java
-../src/main/java/com/google/gson/stream/MalformedJsonException.java
-../src/main/java/com/google/gson/TypeAdapter.java
-../src/main/java/com/google/gson/TypeAdapterFactory.java
diff --git a/gson/j2objc/sources_all.txt b/gson/j2objc/sources_all.txt
deleted file mode 100644
index 855d7011b..000000000
--- a/gson/j2objc/sources_all.txt
+++ /dev/null
@@ -1,163 +0,0 @@
-../src/main/java/com/google/gson/annotations/Expose.java
-../src/main/java/com/google/gson/annotations/JsonAdapter.java
-../src/main/java/com/google/gson/annotations/package-info.java
-../src/main/java/com/google/gson/annotations/SerializedName.java
-../src/main/java/com/google/gson/annotations/Since.java
-../src/main/java/com/google/gson/annotations/Until.java
-../src/main/java/com/google/gson/DefaultDateTypeAdapter.java
-../src/main/java/com/google/gson/ExclusionStrategy.java
-../src/main/java/com/google/gson/FieldAttributes.java
-../src/main/java/com/google/gson/FieldNamingPolicy.java
-../src/main/java/com/google/gson/FieldNamingStrategy.java
-../src/main/java/com/google/gson/Gson.java
-../src/main/java/com/google/gson/GsonBuilder.java
-../src/main/java/com/google/gson/InstanceCreator.java
-../src/main/java/com/google/gson/internal/$Gson$Preconditions.java
-../src/main/java/com/google/gson/internal/$Gson$Types.java
-../src/main/java/com/google/gson/internal/bind/ArrayTypeAdapter.java
-../src/main/java/com/google/gson/internal/bind/CollectionTypeAdapterFactory.java
-../src/main/java/com/google/gson/internal/bind/DateTypeAdapter.java
-../src/main/java/com/google/gson/internal/bind/JsonAdapterAnnotationTypeAdapterFactory.java
-../src/main/java/com/google/gson/internal/bind/JsonTreeReader.java
-../src/main/java/com/google/gson/internal/bind/JsonTreeWriter.java
-../src/main/java/com/google/gson/internal/bind/MapTypeAdapterFactory.java
-../src/main/java/com/google/gson/internal/bind/ObjectTypeAdapter.java
-../src/main/java/com/google/gson/internal/bind/ReflectiveTypeAdapterFactory.java
-../src/main/java/com/google/gson/internal/bind/SqlDateTypeAdapter.java
-../src/main/java/com/google/gson/internal/bind/TimeTypeAdapter.java
-../src/main/java/com/google/gson/internal/bind/TreeTypeAdapter.java
-../src/main/java/com/google/gson/internal/bind/TypeAdapterRuntimeTypeWrapper.java
-../src/main/java/com/google/gson/internal/bind/TypeAdapters.java
-../src/main/java/com/google/gson/internal/bind/util/ISO8601Utils.java
-../src/main/java/com/google/gson/internal/ConstructorConstructor.java
-../src/main/java/com/google/gson/internal/Excluder.java
-../src/main/java/com/google/gson/internal/JsonReaderInternalAccess.java
-../src/main/java/com/google/gson/internal/LazilyParsedNumber.java
-../src/main/java/com/google/gson/internal/LinkedHashTreeMap.java
-../src/main/java/com/google/gson/internal/LinkedTreeMap.java
-../src/main/java/com/google/gson/internal/ObjectConstructor.java
-../src/main/java/com/google/gson/internal/package-info.java
-../src/main/java/com/google/gson/internal/Primitives.java
-../src/main/java/com/google/gson/internal/Streams.java
-../src/main/java/com/google/gson/internal/UnsafeAllocator.java
-../src/main/java/com/google/gson/JsonArray.java
-../src/main/java/com/google/gson/JsonDeserializationContext.java
-../src/main/java/com/google/gson/JsonDeserializer.java
-../src/main/java/com/google/gson/JsonElement.java
-../src/main/java/com/google/gson/JsonIOException.java
-../src/main/java/com/google/gson/JsonNull.java
-../src/main/java/com/google/gson/JsonObject.java
-../src/main/java/com/google/gson/JsonParseException.java
-../src/main/java/com/google/gson/JsonParser.java
-../src/main/java/com/google/gson/JsonPrimitive.java
-../src/main/java/com/google/gson/JsonSerializationContext.java
-../src/main/java/com/google/gson/JsonSerializer.java
-../src/main/java/com/google/gson/JsonStreamParser.java
-../src/main/java/com/google/gson/JsonSyntaxException.java
-../src/main/java/com/google/gson/LongSerializationPolicy.java
-../src/main/java/com/google/gson/package-info.java
-../src/main/java/com/google/gson/reflect/package-info.java
-../src/main/java/com/google/gson/reflect/TypeToken.java
-../src/main/java/com/google/gson/stream/JsonReader.java
-../src/main/java/com/google/gson/stream/JsonScope.java
-../src/main/java/com/google/gson/stream/JsonToken.java
-../src/main/java/com/google/gson/stream/JsonWriter.java
-../src/main/java/com/google/gson/stream/MalformedJsonException.java
-../src/main/java/com/google/gson/TypeAdapter.java
-../src/main/java/com/google/gson/TypeAdapterFactory.java
-../src/test/java/com/google/gson/CommentsTest.java
-../src/test/java/com/google/gson/common/MoreAsserts.java
-../src/test/java/com/google/gson/common/TestTypes.java
-../src/test/java/com/google/gson/DefaultDateTypeAdapterTest.java
-../src/test/java/com/google/gson/DefaultInetAddressTypeAdapterTest.java
-../src/test/java/com/google/gson/DefaultMapJsonSerializerTest.java
-../src/test/java/com/google/gson/ExposeAnnotationExclusionStrategyTest.java
-../src/test/java/com/google/gson/FieldAttributesTest.java
-../src/test/java/com/google/gson/functional/ArrayTest.java
-../src/test/java/com/google/gson/functional/CircularReferenceTest.java
-../src/test/java/com/google/gson/functional/CollectionTest.java
-../src/test/java/com/google/gson/functional/ConcurrencyTest.java
-../src/test/java/com/google/gson/functional/CustomDeserializerTest.java
-../src/test/java/com/google/gson/functional/CustomSerializerTest.java
-../src/test/java/com/google/gson/functional/CustomTypeAdaptersTest.java
-../src/test/java/com/google/gson/functional/DefaultTypeAdaptersTest.java
-../src/test/java/com/google/gson/functional/DelegateTypeAdapterTest.java
-../src/test/java/com/google/gson/functional/EnumTest.java
-../src/test/java/com/google/gson/functional/EscapingTest.java
-../src/test/java/com/google/gson/functional/ExclusionStrategyFunctionalTest.java
-../src/test/java/com/google/gson/functional/ExposeFieldsTest.java
-../src/test/java/com/google/gson/functional/FieldExclusionTest.java
-../src/test/java/com/google/gson/functional/FieldNamingTest.java
-../src/test/java/com/google/gson/functional/InheritanceTest.java
-../src/test/java/com/google/gson/functional/InstanceCreatorTest.java
-../src/test/java/com/google/gson/functional/InterfaceTest.java
-../src/test/java/com/google/gson/functional/InternationalizationTest.java
-../src/test/java/com/google/gson/functional/JavaUtilConcurrentAtomicTest.java
-../src/test/java/com/google/gson/functional/JavaUtilTest.java
-../src/test/java/com/google/gson/functional/JsonAdapterAnnotationOnClassesTest.java
-../src/test/java/com/google/gson/functional/JsonAdapterAnnotationOnFieldsTest.java
-../src/test/java/com/google/gson/functional/JsonAdapterSerializerDeserializerTest.java
-../src/test/java/com/google/gson/functional/JsonArrayTest.java
-../src/test/java/com/google/gson/functional/JsonParserTest.java
-../src/test/java/com/google/gson/functional/JsonTreeTest.java
-../src/test/java/com/google/gson/functional/LeniencyTest.java
-../src/test/java/com/google/gson/functional/MapAsArrayTypeAdapterTest.java
-../src/test/java/com/google/gson/functional/MapTest.java
-../src/test/java/com/google/gson/functional/MoreSpecificTypeSerializationTest.java
-../src/test/java/com/google/gson/functional/NamingPolicyTest.java
-../src/test/java/com/google/gson/functional/NullObjectAndFieldTest.java
-../src/test/java/com/google/gson/functional/ObjectTest.java
-../src/test/java/com/google/gson/functional/ParameterizedTypesTest.java
-../src/test/java/com/google/gson/functional/PrettyPrintingTest.java
-../src/test/java/com/google/gson/functional/PrimitiveCharacterTest.java
-../src/test/java/com/google/gson/functional/PrimitiveTest.java
-../src/test/java/com/google/gson/functional/PrintFormattingTest.java
-../src/test/java/com/google/gson/functional/RawSerializationTest.java
-../src/test/java/com/google/gson/functional/ReadersWritersTest.java
-../src/test/java/com/google/gson/functional/RuntimeTypeAdapterFactoryFunctionalTest.java
-../src/test/java/com/google/gson/functional/SecurityTest.java
-../src/test/java/com/google/gson/functional/SerializedNameTest.java
-../src/test/java/com/google/gson/functional/StreamingTypeAdaptersTest.java
-../src/test/java/com/google/gson/functional/StringTest.java
-../src/test/java/com/google/gson/functional/ThrowableFunctionalTest.java
-../src/test/java/com/google/gson/functional/TreeTypeAdaptersTest.java
-../src/test/java/com/google/gson/functional/TypeAdapterPrecedenceTest.java
-../src/test/java/com/google/gson/functional/TypeHierarchyAdapterTest.java
-../src/test/java/com/google/gson/functional/TypeVariableTest.java
-../src/test/java/com/google/gson/functional/UncategorizedTest.java
-../src/test/java/com/google/gson/functional/VersioningTest.java
-../src/test/java/com/google/gson/GenericArrayTypeTest.java
-../src/test/java/com/google/gson/GsonBuilderTest.java
-../src/test/java/com/google/gson/GsonTest.java
-../src/test/java/com/google/gson/GsonTypeAdapterTest.java
-../src/test/java/com/google/gson/InnerClassExclusionStrategyTest.java
-../src/test/java/com/google/gson/internal/bind/JsonElementReaderTest.java
-../src/test/java/com/google/gson/internal/bind/JsonTreeReaderTest.java
-../src/test/java/com/google/gson/internal/bind/JsonTreeWriterTest.java
-../src/test/java/com/google/gson/internal/GsonTypesTest.java
-../src/test/java/com/google/gson/internal/LazilyParsedNumberTest.java
-../src/test/java/com/google/gson/internal/LinkedHashTreeMapTest.java
-../src/test/java/com/google/gson/internal/LinkedTreeMapTest.java
-../src/test/java/com/google/gson/internal/UnsafeAllocatorInstantiationTest.java
-../src/test/java/com/google/gson/JavaSerializationTest.java
-../src/test/java/com/google/gson/JsonArrayTest.java
-../src/test/java/com/google/gson/JsonNullTest.java
-../src/test/java/com/google/gson/JsonObjectTest.java
-../src/test/java/com/google/gson/JsonParserTest.java
-../src/test/java/com/google/gson/JsonPrimitiveTest.java
-../src/test/java/com/google/gson/JsonStreamParserTest.java
-../src/test/java/com/google/gson/LongSerializationPolicyTest.java
-../src/test/java/com/google/gson/metrics/PerformanceTest.java
-../src/test/java/com/google/gson/MixedStreamTest.java
-../src/test/java/com/google/gson/MockExclusionStrategy.java
-../src/test/java/com/google/gson/ObjectTypeAdapterTest.java
-../src/test/java/com/google/gson/OverrideCoreTypeAdaptersTest.java
-../src/test/java/com/google/gson/ParameterizedTypeFixtures.java
-../src/test/java/com/google/gson/ParameterizedTypeTest.java
-../src/test/java/com/google/gson/PrimitiveTypeAdapter.java
-../src/test/java/com/google/gson/reflect/TypeTokenTest.java
-../src/test/java/com/google/gson/regression/JsonAdapterNullSafeTest.java
-../src/test/java/com/google/gson/stream/JsonReaderPathTest.java
-../src/test/java/com/google/gson/stream/JsonReaderTest.java
-../src/test/java/com/google/gson/stream/JsonWriterTest.java
-../src/test/java/com/google/gson/VersionExclusionStrategyTest.java
diff --git a/gson/j2objc/sources_test.txt b/gson/j2objc/sources_test.txt
deleted file mode 100644
index b17d0c8ac..000000000
--- a/gson/j2objc/sources_test.txt
+++ /dev/null
@@ -1,91 +0,0 @@
-ComGoogleGsonCommentsTest
-ComGoogleGsonDefaultDateTypeAdapterTest
-ComGoogleGsonDefaultInetAddressTypeAdapterTest
-ComGoogleGsonDefaultMapJsonSerializerTest
-ComGoogleGsonExposeAnnotationExclusionStrategyTest
-ComGoogleGsonFieldAttributesTest
-ComGoogleGsonArrayTest
-ComGoogleGsonCircularReferenceTest
-ComGoogleGsonCollectionTest
-ComGoogleGsonConcurrencyTest
-ComGoogleGsonCustomDeserializerTest
-ComGoogleGsonCustomSerializerTest
-ComGoogleGsonCustomTypeAdaptersTest
-ComGoogleGsonDefaultTypeAdaptersTest
-ComGoogleGsonDelegateTypeAdapterTest
-ComGoogleGsonEnumTest
-ComGoogleGsonEscapingTest
-ComGoogleGsonExclusionStrategyFunctionalTest
-ComGoogleGsonExposeFieldsTest
-ComGoogleGsonFieldExclusionTest
-ComGoogleGsonFieldNamingTest
-ComGoogleGsonInheritanceTest
-ComGoogleGsonInstanceCreatorTest
-ComGoogleGsonInterfaceTest
-ComGoogleGsonInternationalizationTest
-ComGoogleGsonJavaUtilConcurrentAtomicTest
-ComGoogleGsonJavaUtilTest
-ComGoogleGsonJsonAdapterAnnotationOnClassesTest
-ComGoogleGsonJsonAdapterAnnotationOnFieldsTest
-ComGoogleGsonJsonAdapterSerializerDeserializerTest
-ComGoogleGsonJsonArrayTest
-ComGoogleGsonJsonParserTest
-ComGoogleGsonJsonTreeTest
-ComGoogleGsonLeniencyTest
-ComGoogleGsonMapAsArrayTypeAdapterTest
-ComGoogleGsonMapTest
-ComGoogleGsonMoreSpecificTypeSerializationTest
-ComGoogleGsonNamingPolicyTest
-ComGoogleGsonNullObjectAndFieldTest
-ComGoogleGsonObjectTest
-ComGoogleGsonParameterizedTypesTest
-ComGoogleGsonPrettyPrintingTest
-ComGoogleGsonPrimitiveCharacterTest
-ComGoogleGsonPrimitiveTest
-ComGoogleGsonPrintFormattingTest
-ComGoogleGsonRawSerializationTest
-ComGoogleGsonReadersWritersTest
-ComGoogleGsonRuntimeTypeAdapterFactoryFunctionalTest
-ComGoogleGsonSecurityTest
-ComGoogleGsonSerializedNameTest
-ComGoogleGsonStreamingTypeAdaptersTest
-ComGoogleGsonStringTest
-ComGoogleGsonThrowableFunctionalTest
-ComGoogleGsonTreeTypeAdaptersTest
-ComGoogleGsonTypeAdapterPrecedenceTest
-ComGoogleGsonTypeHierarchyAdapterTest
-ComGoogleGsonTypeVariableTest
-ComGoogleGsonUncategorizedTest
-ComGoogleGsonVersioningTest
-ComGoogleGsonGenericArrayTypeTest
-ComGoogleGsonGsonBuilderTest
-ComGoogleGsonGsonTest
-ComGoogleGsonGsonTypeAdapterTest
-ComGoogleGsonInnerClassExclusionStrategyTest
-ComGoogleGsonJsonElementReaderTest
-ComGoogleGsonJsonTreeReaderTest
-ComGoogleGsonJsonTreeWriterTest
-ComGoogleGsonGsonTypesTest
-ComGoogleGsonLazilyParsedNumberTest
-ComGoogleGsonLinkedHashTreeMapTest
-ComGoogleGsonLinkedTreeMapTest
-ComGoogleGsonUnsafeAllocatorInstantiationTest
-ComGoogleGsonJavaSerializationTest
-ComGoogleGsonJsonArrayTest
-ComGoogleGsonJsonNullTest
-ComGoogleGsonJsonObjectTest
-ComGoogleGsonJsonParserTest
-ComGoogleGsonJsonPrimitiveTest
-ComGoogleGsonJsonStreamParserTest
-ComGoogleGsonLongSerializationPolicyTest
-ComGoogleGsonPerformanceTest
-ComGoogleGsonMixedStreamTest
-ComGoogleGsonObjectTypeAdapterTest
-ComGoogleGsonOverrideCoreTypeAdaptersTest
-ComGoogleGsonParameterizedTypeTest
-ComGoogleGsonTypeTokenTest
-ComGoogleGsonJsonAdapterNullSafeTest
-ComGoogleGsonJsonReaderPathTest
-ComGoogleGsonJsonReaderTest
-ComGoogleGsonJsonWriterTest
-ComGoogleGsonVersionExclusionStrategyTest
diff --git a/gson/j2objc/test_names.txt b/gson/j2objc/test_names.txt
deleted file mode 100644
index 65d12db25..000000000
--- a/gson/j2objc/test_names.txt
+++ /dev/null
@@ -1,89 +0,0 @@
- ComGoogleGsonFunctionalArrayTest
- ComGoogleGsonFunctionalCircularReferenceTest
- ComGoogleGsonFunctionalCollectionTest
- ComGoogleGsonCommentsTest
- ComGoogleGsonFunctionalConcurrencyTest
- ComGoogleGsonFunctionalCustomDeserializerTest
- ComGoogleGsonFunctionalCustomSerializerTest
- ComGoogleGsonFunctionalCustomTypeAdaptersTest
- ComGoogleGsonDefaultDateTypeAdapterTest
- ComGoogleGsonDefaultInetAddressTypeAdapterTest
- ComGoogleGsonDefaultMapJsonSerializerTest
- ComGoogleGsonFunctionalDefaultTypeAdaptersTest
- ComGoogleGsonFunctionalDelegateTypeAdapterTest
- ComGoogleGsonFunctionalEnumTest
- ComGoogleGsonFunctionalEscapingTest
- ComGoogleGsonFunctionalExclusionStrategyFunctionalTest
- ComGoogleGsonExposeAnnotationExclusionStrategyTest
- ComGoogleGsonFunctionalExposeFieldsTest
- ComGoogleGsonFieldAttributesTest
- ComGoogleGsonFunctionalFieldExclusionTest
- ComGoogleGsonFunctionalFieldNamingTest
- ComGoogleGsonGenericArrayTypeTest
- ComGoogleGsonGsonBuilderTest
- ComGoogleGsonGsonTest
- ComGoogleGsonGsonTypeAdapterTest
- ComGoogleGsonInternalGsonTypesTest
- ComGoogleGsonFunctionalInheritanceTest
- ComGoogleGsonInnerClassExclusionStrategyTest
- ComGoogleGsonFunctionalInstanceCreatorTest
- ComGoogleGsonFunctionalInterfaceTest
- ComGoogleGsonFunctionalInternationalizationTest
- ComGoogleGsonJavaSerializationTest
- ComGoogleGsonFunctionalJavaUtilConcurrentAtomicTest
- ComGoogleGsonFunctionalJavaUtilTest
- ComGoogleGsonFunctionalJsonAdapterAnnotationOnClassesTest
- ComGoogleGsonFunctionalJsonAdapterAnnotationOnFieldsTest
- ComGoogleGsonRegressionJsonAdapterNullSafeTest
- ComGoogleGsonFunctionalJsonAdapterSerializerDeserializerTest
- ComGoogleGsonFunctionalJsonArrayTest
- ComGoogleGsonInternalBindJsonElementReaderTest
- ComGoogleGsonJsonNullTest
- ComGoogleGsonJsonObjectTest
- ComGoogleGsonFunctionalJsonParserTest
- ComGoogleGsonJsonPrimitiveTest
- ComGoogleGsonStreamJsonReaderPathTest
- ComGoogleGsonStreamJsonReaderTest
- ComGoogleGsonJsonStreamParserTest
- ComGoogleGsonInternalBindJsonTreeReaderTest
- ComGoogleGsonFunctionalJsonTreeTest
- ComGoogleGsonInternalBindJsonTreeWriterTest
- ComGoogleGsonStreamJsonWriterTest
- ComGoogleGsonInternalLazilyParsedNumberTest
- ComGoogleGsonFunctionalLeniencyTest
- ComGoogleGsonInternalLinkedHashTreeMapTest
- ComGoogleGsonInternalLinkedTreeMapTest
- ComGoogleGsonLongSerializationPolicyTest
- ComGoogleGsonFunctionalMapAsArrayTypeAdapterTest
- ComGoogleGsonFunctionalMapTest
- ComGoogleGsonMixedStreamTest
- ComGoogleGsonFunctionalMoreSpecificTypeSerializationTest
- ComGoogleGsonFunctionalNamingPolicyTest
- ComGoogleGsonFunctionalNullObjectAndFieldTest
- ComGoogleGsonFunctionalObjectTest
- ComGoogleGsonObjectTypeAdapterTest
- ComGoogleGsonOverrideCoreTypeAdaptersTest
- ComGoogleGsonParameterizedTypeTest
- ComGoogleGsonFunctionalParameterizedTypesTest
- ComGoogleGsonMetricsPerformanceTest
- ComGoogleGsonFunctionalPrettyPrintingTest
- ComGoogleGsonFunctionalPrimitiveCharacterTest
- ComGoogleGsonFunctionalPrimitiveTest
- ComGoogleGsonFunctionalPrintFormattingTest
- ComGoogleGsonFunctionalRawSerializationTest
- ComGoogleGsonFunctionalReadersWritersTest
- ComGoogleGsonFunctionalRuntimeTypeAdapterFactoryFunctionalTest
- ComGoogleGsonFunctionalSecurityTest
- ComGoogleGsonFunctionalSerializedNameTest
- ComGoogleGsonFunctionalStreamingTypeAdaptersTest
- ComGoogleGsonFunctionalStringTest
- ComGoogleGsonFunctionalThrowableFunctionalTest
- ComGoogleGsonFunctionalTreeTypeAdaptersTest
- ComGoogleGsonFunctionalTypeAdapterPrecedenceTest
- ComGoogleGsonFunctionalTypeHierarchyAdapterTest
- ComGoogleGsonReflectTypeTokenTest
- ComGoogleGsonFunctionalTypeVariableTest
- ComGoogleGsonFunctionalUncategorizedTest
- ComGoogleGsonInternalUnsafeAllocatorInstantiationTest
- ComGoogleGsonVersionExclusionStrategyTest
- ComGoogleGsonFunctionalVersioningTest
diff --git a/gson/j2objc/test_results.txt b/gson/j2objc/test_results.txt
deleted file mode 100644
index 7ef3e2694..000000000
--- a/gson/j2objc/test_results.txt
+++ /dev/null
@@ -1,1475 +0,0 @@
-RUNNING: ComGoogleGsonFunctionalArrayTest
-JUnit version 4.11
-..........................
-Time: 0.007
-
-OK (26 tests)
-
-RUNNING: ComGoogleGsonFunctionalCircularReferenceTest
-JUnit version 4.11
-..RUNNING: ComGoogleGsonFunctionalCollectionTest
-JUnit version 4.11
-...E........E.................E
-Time: 0.017
-There were 3 failures:
-1) testWildcardCollectionField(com.google.gson.functional.CollectionTest)
-junit.framework.AssertionFailedError
-	at 0x0000000101fc7aee junit.framework.Assert.fail() + 16
-	at 0x0000000101fc7a91 junit.framework.Assert.assertFalse() + 0
-	at 0x000000010201658f com.google.gson.functional.CollectionTest.testWildcardCollectionField() + 351
-	at 0x0000000101fc5e5b java.lang.reflect.Method.invoke:object:() + 23
-	at 0x0000000101fc5a9d java.lang.reflect.Method.invoke() + 326
-	at 0x0000000101fcad0a junit.framework.TestCase.runTest() + 210
-	at 0x0000000101fcab9c junit.framework.TestCase.runBare() + 50
-	at 0x0000000101fcc38c junit.framework.TestResult.runProtected() + 37
-	at 0x0000000101fcc323 junit.framework.TestResult.run() + 104
-	at 0x0000000101fcd834 junit.framework.TestSuite.run() + 288
-	at 0x0000000101ff8897 org.junit.runners.ParentRunner.runChildren() + 376
-	at 0x0000000101ff8ce5 org.junit.runners.ParentRunner.run() + 85
-	at 0x0000000101ff0fec org.junit.runner.JUnitCore.run() + 154
-	at 0x0000000101ff0d12 org.junit.runner.JUnitCore.runMain() + 669
-	at 0x0000000101ff097c org.junit.runner.JUnitCore.runMainAndExit() + 32
-	at 0x0000000101fc5e5b java.lang.reflect.Method.invoke:object:() + 23
-	at 0x0000000101fc5a9d java.lang.reflect.Method.invoke() + 326
-2) testRawCollectionSerialization(com.google.gson.functional.CollectionTest)
-junit.framework.AssertionFailedError
-	at 0x0000000101fc7aee junit.framework.Assert.fail() + 16
-	at 0x0000000101fc7a91 junit.framework.Assert.assertFalse() + 0
-	at 0x0000000102015932 com.google.gson.functional.CollectionTest.testRawCollectionSerialization() + 306
-	at 0x0000000101fc5e5b java.lang.reflect.Method.invoke:object:() + 23
-	at 0x0000000101fc5a9d java.lang.reflect.Method.invoke() + 326
-	at 0x0000000101fcad0a junit.framework.TestCase.runTest() + 210
-	at 0x0000000101fcab9c junit.framework.TestCase.runBare() + 50
-	at 0x0000000101fcc38c junit.framework.TestResult.runProtected() + 37
-	at 0x0000000101fcc323 junit.framework.TestResult.run() + 104
-	at 0x0000000101fcd834 junit.framework.TestSuite.run() + 288
-	at 0x0000000101ff8897 org.junit.runners.ParentRunner.runChildren() + 376
-	at 0x0000000101ff8ce5 org.junit.runners.ParentRunner.run() + 85
-	at 0x0000000101ff0fec org.junit.runner.JUnitCore.run() + 154
-	at 0x0000000101ff0d12 org.junit.runner.JUnitCore.runMain() + 669
-	at 0x0000000101ff097c org.junit.runner.JUnitCore.runMainAndExit() + 32
-	at 0x0000000101fc5e5b java.lang.reflect.Method.invoke:object:() + 23
-	at 0x0000000101fc5a9d java.lang.reflect.Method.invoke() + 326
-3) testCollectionOfBagOfPrimitivesSerialization(com.google.gson.functional.CollectionTest)
-junit.framework.AssertionFailedError
-	at 0x0000000101fc7aee junit.framework.Assert.fail() + 16
-	at 0x0000000101fc7a91 junit.framework.Assert.assertFalse() + 0
-	at 0x00000001020154f7 com.google.gson.functional.CollectionTest.testCollectionOfBagOfPrimitivesSerialization() + 855
-	at 0x0000000101fc5e5b java.lang.reflect.Method.invoke:object:() + 23
-	at 0x0000000101fc5a9d java.lang.reflect.Method.invoke() + 326
-	at 0x0000000101fcad0a junit.framework.TestCase.runTest() + 210
-	at 0x0000000101fcab9c junit.framework.TestCase.runBare() + 50
-	at 0x0000000101fcc38c junit.framework.TestResult.runProtected() + 37
-	at 0x0000000101fcc323 junit.framework.TestResult.run() + 104
-	at 0x0000000101fcd834 junit.framework.TestSuite.run() + 288
-	at 0x0000000101ff8897 org.junit.runners.ParentRunner.runChildren() + 376
-	at 0x0000000101ff8ce5 org.junit.runners.ParentRunner.run() + 85
-	at 0x0000000101ff0fec org.junit.runner.JUnitCore.run() + 154
-	at 0x0000000101ff0d12 org.junit.runner.JUnitCore.runMain() + 669
-	at 0x0000000101ff097c org.junit.runner.JUnitCore.runMainAndExit() + 32
-	at 0x0000000101fc5e5b java.lang.reflect.Method.invoke:object:() + 23
-	at 0x0000000101fc5a9d java.lang.reflect.Method.invoke() + 326
-
-FAILURES!!!
-Tests run: 28,  Failures: 3
-
-RUNNING: ComGoogleGsonCommentsTest
-JUnit version 4.11
-.
-Time: 0.002
-
-OK (1 test)
-
-RUNNING: ComGoogleGsonFunctionalConcurrencyTest
-JUnit version 4.11
-....
-Time: 0.009
-
-OK (4 tests)
-
-RUNNING: ComGoogleGsonFunctionalCustomDeserializerTest
-JUnit version 4.11
-.......
-Time: 0.004
-
-OK (7 tests)
-
-RUNNING: ComGoogleGsonFunctionalCustomSerializerTest
-JUnit version 4.11
-.....
-Time: 0.003
-
-OK (5 tests)
-
-RUNNING: ComGoogleGsonFunctionalCustomTypeAdaptersTest
-JUnit version 4.11
-...................
-Time: 0.008
-
-OK (19 tests)
-
-RUNNING: ComGoogleGsonDefaultDateTypeAdapterTest
-JUnit version 4.11
-.E.E.E.E..E...
-Time: 0.106
-There were 5 failures:
-1) testFormattingInEnUs(com.google.gson.DefaultDateTypeAdapterTest)
-junit.framework.ComparisonFailure: 
-	at 0x000000010674a0be java.lang.AssertionError.<init>() + 45
-	at 0x0000000106b44381 junit.framework.ComparisonFailure.<init>() + 24
-	at 0x0000000106b42c07 junit.framework.Assert.assertEquals() + 91
-	at 0x0000000106ba4bc3 com.google.gson.DefaultDateTypeAdapterTest.assertFormatted() + 195
-	at 0x0000000106ba3edd com.google.gson.DefaultDateTypeAdapterTest.assertFormattingAlwaysEmitsUsLocale() + 493
-	at 0x0000000106ba3ce0 com.google.gson.DefaultDateTypeAdapterTest.testFormattingInEnUs() + 112
-	at 0x0000000106b40e5b java.lang.reflect.Method.invoke:object:() + 23
-	at 0x0000000106b40a9d java.lang.reflect.Method.invoke() + 326
-	at 0x0000000106b45d0a junit.framework.TestCase.runTest() + 210
-	at 0x0000000106b45b9c junit.framework.TestCase.runBare() + 50
-	at 0x0000000106b4738c junit.framework.TestResult.runProtected() + 37
-	at 0x0000000106b47323 junit.framework.TestResult.run() + 104
-	at 0x0000000106b48834 junit.framework.TestSuite.run() + 288
-	at 0x0000000106b73897 org.junit.runners.ParentRunner.runChildren() + 376
-	at 0x0000000106b73ce5 org.junit.runners.ParentRunner.run() + 85
-	at 0x0000000106b6bfec org.junit.runner.JUnitCore.run() + 154
-	at 0x0000000106b6bd12 org.junit.runner.JUnitCore.runMain() + 669
-	at 0x0000000106b6b97c org.junit.runner.JUnitCore.runMainAndExit() + 32
-	at 0x0000000106b40e5b java.lang.reflect.Method.invoke:object:() + 23
-	at 0x0000000106b40a9d java.lang.reflect.Method.invoke() + 326
-2) testFormattingInFr(com.google.gson.DefaultDateTypeAdapterTest)
-junit.framework.ComparisonFailure: 
-	at 0x000000010674a0be java.lang.AssertionError.<init>() + 45
-	at 0x0000000106b44381 junit.framework.ComparisonFailure.<init>() + 24
-	at 0x0000000106b42c07 junit.framework.Assert.assertEquals() + 91
-	at 0x0000000106ba4bc3 com.google.gson.DefaultDateTypeAdapterTest.assertFormatted() + 195
-	at 0x0000000106ba3edd com.google.gson.DefaultDateTypeAdapterTest.assertFormattingAlwaysEmitsUsLocale() + 493
-	at 0x0000000106ba4090 com.google.gson.DefaultDateTypeAdapterTest.testFormattingInFr() + 112
-	at 0x0000000106b40e5b java.lang.reflect.Method.invoke:object:() + 23
-	at 0x0000000106b40a9d java.lang.reflect.Method.invoke() + 326
-	at 0x0000000106b45d0a junit.framework.TestCase.runTest() + 210
-	at 0x0000000106b45b9c junit.framework.TestCase.runBare() + 50
-	at 0x0000000106b4738c junit.framework.TestResult.runProtected() + 37
-	at 0x0000000106b47323 junit.framework.TestResult.run() + 104
-	at 0x0000000106b48834 junit.framework.TestSuite.run() + 288
-	at 0x0000000106b73897 org.junit.runners.ParentRunner.runChildren() + 376
-	at 0x0000000106b73ce5 org.junit.runners.ParentRunner.run() + 85
-	at 0x0000000106b6bfec org.junit.runner.JUnitCore.run() + 154
-	at 0x0000000106b6bd12 org.junit.runner.JUnitCore.runMain() + 669
-	at 0x0000000106b6b97c org.junit.runner.JUnitCore.runMainAndExit() + 32
-	at 0x0000000106b40e5b java.lang.reflect.Method.invoke:object:() + 23
-	at 0x0000000106b40a9d java.lang.reflect.Method.invoke() + 326
-3) testDateDeserializationISO8601(com.google.gson.DefaultDateTypeAdapterTest)
-com.google.gson.JsonSyntaxException: 1970-01-01T01:00:00+01:00
-	at 0x0000000106be8330 com.google.gson.JsonParseException.<init>() + 48
-	at 0x0000000106c09340 com.google.gson.JsonSyntaxException.<init>() + 48
-	at 0x0000000106ba307f com.google.gson.DefaultDateTypeAdapter.deserializeToDate() + 735
-	at 0x0000000106ba2c4c com.google.gson.DefaultDateTypeAdapter.deserialize() + 124
-	at 0x0000000106ba44ef com.google.gson.DefaultDateTypeAdapterTest.assertParsed() + 143
-	at 0x0000000106ba4c44 com.google.gson.DefaultDateTypeAdapterTest.testDateDeserializationISO8601() + 116
-	at 0x0000000106b40e5b java.lang.reflect.Method.invoke:object:() + 23
-	at 0x0000000106b40a9d java.lang.reflect.Method.invoke() + 326
-	at 0x0000000106b45d0a junit.framework.TestCase.runTest() + 210
-	at 0x0000000106b45b9c junit.framework.TestCase.runBare() + 50
-	at 0x0000000106b4738c junit.framework.TestResult.runProtected() + 37
-	at 0x0000000106b47323 junit.framework.TestResult.run() + 104
-	at 0x0000000106b48834 junit.framework.TestSuite.run() + 288
-	at 0x0000000106b73897 org.junit.runners.ParentRunner.runChildren() + 376
-	at 0x0000000106b73ce5 org.junit.runners.ParentRunner.run() + 85
-	at 0x0000000106b6bfec org.junit.runner.JUnitCore.run() + 154
-	at 0x0000000106b6bd12 org.junit.runner.JUnitCore.runMain() + 669
-	at 0x0000000106b6b97c org.junit.runner.JUnitCore.runMainAndExit() + 32
-	at 0x0000000106b40e5b java.lang.reflect.Method.invoke:object:() + 23
-	at 0x0000000106b40a9d java.lang.reflect.Method.invoke() + 326
-Caused by: java.text.ParseException: Failed to parse date ["1970-01-01T01:00:00+01:00']: Mismatching time zone indicator: GMT+01:00 given, resolves to GMT+0100
-	at 0x0000000106bcb543 com.google.gson.internal.bind.util.ISO8601Utils.parse() + 4115
-	at 0x0000000106ba3006 com.google.gson.DefaultDateTypeAdapter.deserializeToDate() + 614
-	at 0x0000000106ba2c4c com.google.gson.DefaultDateTypeAdapter.deserialize() + 124
-	at 0x0000000106ba44ef com.google.gson.DefaultDateTypeAdapterTest.assertParsed() + 143
-	at 0x0000000106ba4c44 com.google.gson.DefaultDateTypeAdapterTest.testDateDeserializationISO8601() + 116
-	at 0x0000000106b40e5b java.lang.reflect.Method.invoke:object:() + 23
-	at 0x0000000106b40a9d java.lang.reflect.Method.invoke() + 326
-	at 0x0000000106b45d0a junit.framework.TestCase.runTest() + 210
-	at 0x0000000106b45b9c junit.framework.TestCase.runBare() + 50
-	at 0x0000000106b4738c junit.framework.TestResult.runProtected() + 37
-	at 0x0000000106b47323 junit.framework.TestResult.run() + 104
-	at 0x0000000106b48834 junit.framework.TestSuite.run() + 288
-	at 0x0000000106b73897 org.junit.runners.ParentRunner.runChildren() + 376
-	at 0x0000000106b73ce5 org.junit.runners.ParentRunner.run() + 85
-	at 0x0000000106b6bfec org.junit.runner.JUnitCore.run() + 154
-	at 0x0000000106b6bd12 org.junit.runner.JUnitCore.runMain() + 669
-	at 0x0000000106b6b97c org.junit.runner.JUnitCore.runMainAndExit() + 32
-	at 0x0000000106b40e5b java.lang.reflect.Method.invoke:object:() + 23
-	at 0x0000000106b40a9d java.lang.reflect.Method.invoke() + 326
-Caused by: java.lang.IndexOutOfBoundsException: Mismatching time zone indicator: GMT+01:00 given, resolves to GMT+0100
-	at 0x0000000106bcb137 com.google.gson.internal.bind.util.ISO8601Utils.parse() + 3079
-	at 0x0000000106ba3006 com.google.gson.DefaultDateTypeAdapter.deserializeToDate() + 614
-	at 0x0000000106ba2c4c com.google.gson.DefaultDateTypeAdapter.deserialize() + 124
-	at 0x0000000106ba44ef com.google.gson.DefaultDateTypeAdapterTest.assertParsed() + 143
-	at 0x0000000106ba4c44 com.google.gson.DefaultDateTypeAdapterTest.testDateDeserializationISO8601() + 116
-	at 0x0000000106b40e5b java.lang.reflect.Method.invoke:object:() + 23
-	at 0x0000000106b40a9d java.lang.reflect.Method.invoke() + 326
-	at 0x0000000106b45d0a junit.framework.TestCase.runTest() + 210
-	at 0x0000000106b45b9c junit.framework.TestCase.runBare() + 50
-	at 0x0000000106b4738c junit.framework.TestResult.runProtected() + 37
-	at 0x0000000106b47323 junit.framework.TestResult.run() + 104
-	at 0x0000000106b48834 junit.framework.TestSuite.run() + 288
-	at 0x0000000106b73897 org.junit.runners.ParentRunner.runChildren() + 376
-	at 0x0000000106b73ce5 org.junit.runners.ParentRunner.run() + 85
-	at 0x0000000106b6bfec org.junit.runner.JUnitCore.run() + 154
-	at 0x0000000106b6bd12 org.junit.runner.JUnitCore.runMain() + 669
-	at 0x0000000106b6b97c org.junit.runner.JUnitCore.runMainAndExit() + 32
-	at 0x0000000106b40e5b java.lang.reflect.Method.invoke:object:() + 23
-	at 0x0000000106b40a9d java.lang.reflect.Method.invoke() + 326
-4) testParsingDatesFormattedWithSystemLocale(com.google.gson.DefaultDateTypeAdapterTest)
-com.google.gson.JsonSyntaxException: jeudi 1 janvier 1970 00 h 00 UTC
-	at 0x0000000106be8330 com.google.gson.JsonParseException.<init>() + 48
-	at 0x0000000106c09340 com.google.gson.JsonSyntaxException.<init>() + 48
-	at 0x0000000106ba307f com.google.gson.DefaultDateTypeAdapter.deserializeToDate() + 735
-	at 0x0000000106ba2c4c com.google.gson.DefaultDateTypeAdapter.deserialize() + 124
-	at 0x0000000106ba44ef com.google.gson.DefaultDateTypeAdapterTest.assertParsed() + 143
-	at 0x0000000106ba435e com.google.gson.DefaultDateTypeAdapterTest.testParsingDatesFormattedWithSystemLocale() + 654
-	at 0x0000000106b40e5b java.lang.reflect.Method.invoke:object:() + 23
-	at 0x0000000106b40a9d java.lang.reflect.Method.invoke() + 326
-	at 0x0000000106b45d0a junit.framework.TestCase.runTest() + 210
-	at 0x0000000106b45b9c junit.framework.TestCase.runBare() + 50
-	at 0x0000000106b4738c junit.framework.TestResult.runProtected() + 37
-	at 0x0000000106b47323 junit.framework.TestResult.run() + 104
-	at 0x0000000106b48834 junit.framework.TestSuite.run() + 288
-	at 0x0000000106b73897 org.junit.runners.ParentRunner.runChildren() + 376
-	at 0x0000000106b73ce5 org.junit.runners.ParentRunner.run() + 85
-	at 0x0000000106b6bfec org.junit.runner.JUnitCore.run() + 154
-	at 0x0000000106b6bd12 org.junit.runner.JUnitCore.runMain() + 669
-	at 0x0000000106b6b97c org.junit.runner.JUnitCore.runMainAndExit() + 32
-	at 0x0000000106b40e5b java.lang.reflect.Method.invoke:object:() + 23
-	at 0x0000000106b40a9d java.lang.reflect.Method.invoke() + 326
-Caused by: java.text.ParseException: Failed to parse date ["jeudi 1 janvier 1970 00 h 00 UTC']: Invalid number: jeud
-	at 0x0000000106bcb543 com.google.gson.internal.bind.util.ISO8601Utils.parse() + 4115
-	at 0x0000000106ba3006 com.google.gson.DefaultDateTypeAdapter.deserializeToDate() + 614
-	at 0x0000000106ba2c4c com.google.gson.DefaultDateTypeAdapter.deserialize() + 124
-	at 0x0000000106ba44ef com.google.gson.DefaultDateTypeAdapterTest.assertParsed() + 143
-	at 0x0000000106ba435e com.google.gson.DefaultDateTypeAdapterTest.testParsingDatesFormattedWithSystemLocale() + 654
-	at 0x0000000106b40e5b java.lang.reflect.Method.invoke:object:() + 23
-	at 0x0000000106b40a9d java.lang.reflect.Method.invoke() + 326
-	at 0x0000000106b45d0a junit.framework.TestCase.runTest() + 210
-	at 0x0000000106b45b9c junit.framework.TestCase.runBare() + 50
-	at 0x0000000106b4738c junit.framework.TestResult.runProtected() + 37
-	at 0x0000000106b47323 junit.framework.TestResult.run() + 104
-	at 0x0000000106b48834 junit.framework.TestSuite.run() + 288
-	at 0x0000000106b73897 org.junit.runners.ParentRunner.runChildren() + 376
-	at 0x0000000106b73ce5 org.junit.runners.ParentRunner.run() + 85
-	at 0x0000000106b6bfec org.junit.runner.JUnitCore.run() + 154
-	at 0x0000000106b6bd12 org.junit.runner.JUnitCore.runMain() + 669
-	at 0x0000000106b6b97c org.junit.runner.JUnitCore.runMainAndExit() + 32
-	at 0x0000000106b40e5b java.lang.reflect.Method.invoke:object:() + 23
-	at 0x0000000106b40a9d java.lang.reflect.Method.invoke() + 326
-Caused by: java.lang.NumberFormatException: Invalid number: jeud
-	at 0x0000000106bcb850 com.google.gson.internal.bind.util.ISO8601Utils.parseInt() + 368
-	at 0x0000000106bca606 com.google.gson.internal.bind.util.ISO8601Utils.parse() + 214
-	at 0x0000000106ba3006 com.google.gson.DefaultDateTypeAdapter.deserializeToDate() + 614
-	at 0x0000000106ba2c4c com.google.gson.DefaultDateTypeAdapter.deserialize() + 124
-	at 0x0000000106ba44ef com.google.gson.DefaultDateTypeAdapterTest.assertParsed() + 143
-	at 0x0000000106ba435e com.google.gson.DefaultDateTypeAdapterTest.testParsingDatesFormattedWithSystemLocale() + 654
-	at 0x0000000106b40e5b java.lang.reflect.Method.invoke:object:() + 23
-	at 0x0000000106b40a9d java.lang.reflect.Method.invoke() + 326
-	at 0x0000000106b45d0a junit.framework.TestCase.runTest() + 210
-	at 0x0000000106b45b9c junit.framework.TestCase.runBare() + 50
-	at 0x0000000106b4738c junit.framework.TestResult.runProtected() + 37
-	at 0x0000000106b47323 junit.framework.TestResult.run() + 104
-	at 0x0000000106b48834 junit.framework.TestSuite.run() + 288
-	at 0x0000000106b73897 org.junit.runners.ParentRunner.runChildren() + 376
-	at 0x0000000106b73ce5 org.junit.runners.ParentRunner.run() + 85
-	at 0x0000000106b6bfec org.junit.runner.JUnitCore.run() + 154
-	at 0x0000000106b6bd12 org.junit.runner.JUnitCore.runMain() + 669
-	at 0x0000000106b6b97c org.junit.runner.JUnitCore.runMainAndExit() + 32
-	at 0x0000000106b40e5b java.lang.reflect.Method.invoke:object:() + 23
-	at 0x0000000106b40a9d java.lang.reflect.Method.invoke() + 326
-5) testParsingDatesFormattedWithUsLocale(com.google.gson.DefaultDateTypeAdapterTest)
-com.google.gson.JsonSyntaxException: January 1, 1970 0:00:00 AM UTC
-	at 0x0000000106be8330 com.google.gson.JsonParseException.<init>() + 48
-	at 0x0000000106c09340 com.google.gson.JsonSyntaxException.<init>() + 48
-	at 0x0000000106ba307f com.google.gson.DefaultDateTypeAdapter.deserializeToDate() + 735
-	at 0x0000000106ba2c4c com.google.gson.DefaultDateTypeAdapter.deserialize() + 124
-	at 0x0000000106ba44ef com.google.gson.DefaultDateTypeAdapterTest.assertParsed() + 143
-	at 0x0000000106ba47bd com.google.gson.DefaultDateTypeAdapterTest.testParsingDatesFormattedWithUsLocale() + 589
-	at 0x0000000106b40e5b java.lang.reflect.Method.invoke:object:() + 23
-	at 0x0000000106b40a9d java.lang.reflect.Method.invoke() + 326
-	at 0x0000000106b45d0a junit.framework.TestCase.runTest() + 210
-	at 0x0000000106b45b9c junit.framework.TestCase.runBare() + 50
-	at 0x0000000106b4738c junit.framework.TestResult.runProtected() + 37
-	at 0x0000000106b47323 junit.framework.TestResult.run() + 104
-	at 0x0000000106b48834 junit.framework.TestSuite.run() + 288
-	at 0x0000000106b73897 org.junit.runners.ParentRunner.runChildren() + 376
-	at 0x0000000106b73ce5 org.junit.runners.ParentRunner.run() + 85
-	at 0x0000000106b6bfec org.junit.runner.JUnitCore.run() + 154
-	at 0x0000000106b6bd12 org.junit.runner.JUnitCore.runMain() + 669
-	at 0x0000000106b6b97c org.junit.runner.JUnitCore.runMainAndExit() + 32
-	at 0x0000000106b40e5b java.lang.reflect.Method.invoke:object:() + 23
-	at 0x0000000106b40a9d java.lang.reflect.Method.invoke() + 326
-Caused by: java.text.ParseException: Failed to parse date ["January 1, 1970 0:00:00 AM UTC']: Invalid number: Janu
-	at 0x0000000106bcb543 com.google.gson.internal.bind.util.ISO8601Utils.parse() + 4115
-	at 0x0000000106ba3006 com.google.gson.DefaultDateTypeAdapter.deserializeToDate() + 614
-	at 0x0000000106ba2c4c com.google.gson.DefaultDateTypeAdapter.deserialize() + 124
-	at 0x0000000106ba44ef com.google.gson.DefaultDateTypeAdapterTest.assertParsed() + 143
-	at 0x0000000106ba47bd com.google.gson.DefaultDateTypeAdapterTest.testParsingDatesFormattedWithUsLocale() + 589
-	at 0x0000000106b40e5b java.lang.reflect.Method.invoke:object:() + 23
-	at 0x0000000106b40a9d java.lang.reflect.Method.invoke() + 326
-	at 0x0000000106b45d0a junit.framework.TestCase.runTest() + 210
-	at 0x0000000106b45b9c junit.framework.TestCase.runBare() + 50
-	at 0x0000000106b4738c junit.framework.TestResult.runProtected() + 37
-	at 0x0000000106b47323 junit.framework.TestResult.run() + 104
-	at 0x0000000106b48834 junit.framework.TestSuite.run() + 288
-	at 0x0000000106b73897 org.junit.runners.ParentRunner.runChildren() + 376
-	at 0x0000000106b73ce5 org.junit.runners.ParentRunner.run() + 85
-	at 0x0000000106b6bfec org.junit.runner.JUnitCore.run() + 154
-	at 0x0000000106b6bd12 org.junit.runner.JUnitCore.runMain() + 669
-	at 0x0000000106b6b97c org.junit.runner.JUnitCore.runMainAndExit() + 32
-	at 0x0000000106b40e5b java.lang.reflect.Method.invoke:object:() + 23
-	at 0x0000000106b40a9d java.lang.reflect.Method.invoke() + 326
-Caused by: java.lang.NumberFormatException: Invalid number: Janu
-	at 0x0000000106bcb850 com.google.gson.internal.bind.util.ISO8601Utils.parseInt() + 368
-	at 0x0000000106bca606 com.google.gson.internal.bind.util.ISO8601Utils.parse() + 214
-	at 0x0000000106ba3006 com.google.gson.DefaultDateTypeAdapter.deserializeToDate() + 614
-	at 0x0000000106ba2c4c com.google.gson.DefaultDateTypeAdapter.deserialize() + 124
-	at 0x0000000106ba44ef com.google.gson.DefaultDateTypeAdapterTest.assertParsed() + 143
-	at 0x0000000106ba47bd com.google.gson.DefaultDateTypeAdapterTest.testParsingDatesFormattedWithUsLocale() + 589
-	at 0x0000000106b40e5b java.lang.reflect.Method.invoke:object:() + 23
-	at 0x0000000106b40a9d java.lang.reflect.Method.invoke() + 326
-	at 0x0000000106b45d0a junit.framework.TestCase.runTest() + 210
-	at 0x0000000106b45b9c junit.framework.TestCase.runBare() + 50
-	at 0x0000000106b4738c junit.framework.TestResult.runProtected() + 37
-	at 0x0000000106b47323 junit.framework.TestResult.run() + 104
-	at 0x0000000106b48834 junit.framework.TestSuite.run() + 288
-	at 0x0000000106b73897 org.junit.runners.ParentRunner.runChildren() + 376
-	at 0x0000000106b73ce5 org.junit.runners.ParentRunner.run() + 85
-	at 0x0000000106b6bfec org.junit.runner.JUnitCore.run() + 154
-	at 0x0000000106b6bd12 org.junit.runner.JUnitCore.runMain() + 669
-	at 0x0000000106b6b97c org.junit.runner.JUnitCore.runMainAndExit() + 32
-	at 0x0000000106b40e5b java.lang.reflect.Method.invoke:object:() + 23
-	at 0x0000000106b40a9d java.lang.reflect.Method.invoke() + 326
-
-FAILURES!!!
-Tests run: 9,  Failures: 5
-
-RUNNING: ComGoogleGsonDefaultInetAddressTypeAdapterTest
-JUnit version 4.11
-.
-Time: 0.003
-
-OK (1 test)
-
-RUNNING: ComGoogleGsonDefaultMapJsonSerializerTest
-JUnit version 4.11
-...
-Time: 0.002
-
-OK (3 tests)
-
-RUNNING: ComGoogleGsonFunctionalDefaultTypeAdaptersTest
-JUnit version 4.11
-.................................................................
-Time: 0.022
-
-OK (65 tests)
-
-RUNNING: ComGoogleGsonFunctionalDelegateTypeAdapterTest
-JUnit version 4.11
-..
-Time: 0.004
-
-OK (2 tests)
-
-RUNNING: ComGoogleGsonFunctionalEnumTest
-JUnit version 4.11
-...E........
-Time: 0.008
-There was 1 failure:
-1) testClassWithEnumFieldSerialization(com.google.gson.functional.EnumTest)
-junit.framework.ComparisonFailure: 
-	at 0x000000010ea8a0be java.lang.AssertionError.<init>() + 45
-	at 0x000000010ee84381 junit.framework.ComparisonFailure.<init>() + 24
-	at 0x000000010ee82c07 junit.framework.Assert.assertEquals() + 91
-	at 0x000000010eeeec29 com.google.gson.functional.EnumTest.testClassWithEnumFieldSerialization() + 137
-	at 0x000000010ee80e5b java.lang.reflect.Method.invoke:object:() + 23
-	at 0x000000010ee80a9d java.lang.reflect.Method.invoke() + 326
-	at 0x000000010ee85d0a junit.framework.TestCase.runTest() + 210
-	at 0x000000010ee85b9c junit.framework.TestCase.runBare() + 50
-	at 0x000000010ee8738c junit.framework.TestResult.runProtected() + 37
-	at 0x000000010ee87323 junit.framework.TestResult.run() + 104
-	at 0x000000010ee88834 junit.framework.TestSuite.run() + 288
-	at 0x000000010eeb3897 org.junit.runners.ParentRunner.runChildren() + 376
-	at 0x000000010eeb3ce5 org.junit.runners.ParentRunner.run() + 85
-	at 0x000000010eeabfec org.junit.runner.JUnitCore.run() + 154
-	at 0x000000010eeabd12 org.junit.runner.JUnitCore.runMain() + 669
-	at 0x000000010eeab97c org.junit.runner.JUnitCore.runMainAndExit() + 32
-	at 0x000000010ee80e5b java.lang.reflect.Method.invoke:object:() + 23
-	at 0x000000010ee80a9d java.lang.reflect.Method.invoke() + 326
-
-FAILURES!!!
-Tests run: 11,  Failures: 1
-
-RUNNING: ComGoogleGsonFunctionalEscapingTest
-JUnit version 4.11
-.....
-Time: 0.004
-
-OK (5 tests)
-
-RUNNING: ComGoogleGsonFunctionalExclusionStrategyFunctionalTest
-JUnit version 4.11
-.........
-Time: 0.004
-
-OK (9 tests)
-
-RUNNING: ComGoogleGsonExposeAnnotationExclusionStrategyTest
-JUnit version 4.11
-......
-Time: 0.001
-
-OK (6 tests)
-
-RUNNING: ComGoogleGsonFunctionalExposeFieldsTest
-JUnit version 4.11
-.E......E.
-Time: 0.005
-There were 2 failures:
-1) testExposeAnnotationSerialization(com.google.gson.functional.ExposeFieldsTest)
-junit.framework.ComparisonFailure: 
-	at 0x0000000103c0c0be java.lang.AssertionError.<init>() + 45
-	at 0x0000000104006381 junit.framework.ComparisonFailure.<init>() + 24
-	at 0x0000000104004c07 junit.framework.Assert.assertEquals() + 91
-	at 0x000000010407a57a com.google.gson.functional.ExposeFieldsTest.testExposeAnnotationSerialization() + 170
-	at 0x0000000104002e5b java.lang.reflect.Method.invoke:object:() + 23
-	at 0x0000000104002a9d java.lang.reflect.Method.invoke() + 326
-	at 0x0000000104007d0a junit.framework.TestCase.runTest() + 210
-	at 0x0000000104007b9c junit.framework.TestCase.runBare() + 50
-	at 0x000000010400938c junit.framework.TestResult.runProtected() + 37
-	at 0x0000000104009323 junit.framework.TestResult.run() + 104
-	at 0x000000010400a834 junit.framework.TestSuite.run() + 288
-	at 0x0000000104035897 org.junit.runners.ParentRunner.runChildren() + 376
-	at 0x0000000104035ce5 org.junit.runners.ParentRunner.run() + 85
-	at 0x000000010402dfec org.junit.runner.JUnitCore.run() + 154
-	at 0x000000010402dd12 org.junit.runner.JUnitCore.runMain() + 669
-	at 0x000000010402d97c org.junit.runner.JUnitCore.runMainAndExit() + 32
-	at 0x0000000104002e5b java.lang.reflect.Method.invoke:object:() + 23
-	at 0x0000000104002a9d java.lang.reflect.Method.invoke() + 326
-2) testArrayWithOneNullExposeFieldObjectSerialization(com.google.gson.functional.ExposeFieldsTest)
-junit.framework.ComparisonFailure: 
-	at 0x0000000103c0c0be java.lang.AssertionError.<init>() + 45
-	at 0x0000000104006381 junit.framework.ComparisonFailure.<init>() + 24
-	at 0x0000000104004c07 junit.framework.Assert.assertEquals() + 91
-	at 0x000000010407a4ad com.google.gson.functional.ExposeFieldsTest.testArrayWithOneNullExposeFieldObjectSerialization() + 925
-	at 0x0000000104002e5b java.lang.reflect.Method.invoke:object:() + 23
-	at 0x0000000104002a9d java.lang.reflect.Method.invoke() + 326
-	at 0x0000000104007d0a junit.framework.TestCase.runTest() + 210
-	at 0x0000000104007b9c junit.framework.TestCase.runBare() + 50
-	at 0x000000010400938c junit.framework.TestResult.runProtected() + 37
-	at 0x0000000104009323 junit.framework.TestResult.run() + 104
-	at 0x000000010400a834 junit.framework.TestSuite.run() + 288
-	at 0x0000000104035897 org.junit.runners.ParentRunner.runChildren() + 376
-	at 0x0000000104035ce5 org.junit.runners.ParentRunner.run() + 85
-	at 0x000000010402dfec org.junit.runner.JUnitCore.run() + 154
-	at 0x000000010402dd12 org.junit.runner.JUnitCore.runMain() + 669
-	at 0x000000010402d97c org.junit.runner.JUnitCore.runMainAndExit() + 32
-	at 0x0000000104002e5b java.lang.reflect.Method.invoke:object:() + 23
-	at 0x0000000104002a9d java.lang.reflect.Method.invoke() + 326
-
-FAILURES!!!
-Tests run: 8,  Failures: 2
-
-RUNNING: ComGoogleGsonFieldAttributesTest
-JUnit version 4.11
-......
-Time: 0
-
-OK (6 tests)
-
-RUNNING: ComGoogleGsonFunctionalFieldExclusionTest
-JUnit version 4.11
-...
-Time: 0.003
-
-OK (3 tests)
-
-RUNNING: ComGoogleGsonFunctionalFieldNamingTest
-JUnit version 4.11
-.E.E.E.E.E
-Time: 0.005
-There were 5 failures:
-1) testLowerCaseWithDashes(com.google.gson.functional.FieldNamingTest)
-junit.framework.ComparisonFailure: 
-	at 0x0000000102f3e0be java.lang.AssertionError.<init>() + 45
-	at 0x0000000103338381 junit.framework.ComparisonFailure.<init>() + 24
-	at 0x0000000103336c07 junit.framework.Assert.assertEquals() + 91
-	at 0x00000001033b1616 com.google.gson.functional.FieldNamingTest.testLowerCaseWithDashes() + 278
-	at 0x0000000103334e5b java.lang.reflect.Method.invoke:object:() + 23
-	at 0x0000000103334a9d java.lang.reflect.Method.invoke() + 326
-	at 0x0000000103339d0a junit.framework.TestCase.runTest() + 210
-	at 0x0000000103339b9c junit.framework.TestCase.runBare() + 50
-	at 0x000000010333b38c junit.framework.TestResult.runProtected() + 37
-	at 0x000000010333b323 junit.framework.TestResult.run() + 104
-	at 0x000000010333c834 junit.framework.TestSuite.run() + 288
-	at 0x0000000103367897 org.junit.runners.ParentRunner.runChildren() + 376
-	at 0x0000000103367ce5 org.junit.runners.ParentRunner.run() + 85
-	at 0x000000010335ffec org.junit.runner.JUnitCore.run() + 154
-	at 0x000000010335fd12 org.junit.runner.JUnitCore.runMain() + 669
-	at 0x000000010335f97c org.junit.runner.JUnitCore.runMainAndExit() + 32
-	at 0x0000000103334e5b java.lang.reflect.Method.invoke:object:() + 23
-	at 0x0000000103334a9d java.lang.reflect.Method.invoke() + 326
-2) testLowerCaseWithUnderscores(com.google.gson.functional.FieldNamingTest)
-junit.framework.ComparisonFailure: 
-	at 0x0000000102f3e0be java.lang.AssertionError.<init>() + 45
-	at 0x0000000103338381 junit.framework.ComparisonFailure.<init>() + 24
-	at 0x0000000103336c07 junit.framework.Assert.assertEquals() + 91
-	at 0x00000001033b14f6 com.google.gson.functional.FieldNamingTest.testLowerCaseWithUnderscores() + 278
-	at 0x0000000103334e5b java.lang.reflect.Method.invoke:object:() + 23
-	at 0x0000000103334a9d java.lang.reflect.Method.invoke() + 326
-	at 0x0000000103339d0a junit.framework.TestCase.runTest() + 210
-	at 0x0000000103339b9c junit.framework.TestCase.runBare() + 50
-	at 0x000000010333b38c junit.framework.TestResult.runProtected() + 37
-	at 0x000000010333b323 junit.framework.TestResult.run() + 104
-	at 0x000000010333c834 junit.framework.TestSuite.run() + 288
-	at 0x0000000103367897 org.junit.runners.ParentRunner.runChildren() + 376
-	at 0x0000000103367ce5 org.junit.runners.ParentRunner.run() + 85
-	at 0x000000010335ffec org.junit.runner.JUnitCore.run() + 154
-	at 0x000000010335fd12 org.junit.runner.JUnitCore.runMain() + 669
-	at 0x000000010335f97c org.junit.runner.JUnitCore.runMainAndExit() + 32
-	at 0x0000000103334e5b java.lang.reflect.Method.invoke:object:() + 23
-	at 0x0000000103334a9d java.lang.reflect.Method.invoke() + 326
-3) testIdentity(com.google.gson.functional.FieldNamingTest)
-junit.framework.ComparisonFailure: 
-	at 0x0000000102f3e0be java.lang.AssertionError.<init>() + 45
-	at 0x0000000103338381 junit.framework.ComparisonFailure.<init>() + 24
-	at 0x0000000103336c07 junit.framework.Assert.assertEquals() + 91
-	at 0x00000001033b1125 com.google.gson.functional.FieldNamingTest.testIdentity() + 277
-	at 0x0000000103334e5b java.lang.reflect.Method.invoke:object:() + 23
-	at 0x0000000103334a9d java.lang.reflect.Method.invoke() + 326
-	at 0x0000000103339d0a junit.framework.TestCase.runTest() + 210
-	at 0x0000000103339b9c junit.framework.TestCase.runBare() + 50
-	at 0x000000010333b38c junit.framework.TestResult.runProtected() + 37
-	at 0x000000010333b323 junit.framework.TestResult.run() + 104
-	at 0x000000010333c834 junit.framework.TestSuite.run() + 288
-	at 0x0000000103367897 org.junit.runners.ParentRunner.runChildren() + 376
-	at 0x0000000103367ce5 org.junit.runners.ParentRunner.run() + 85
-	at 0x000000010335ffec org.junit.runner.JUnitCore.run() + 154
-	at 0x000000010335fd12 org.junit.runner.JUnitCore.runMain() + 669
-	at 0x000000010335f97c org.junit.runner.JUnitCore.runMainAndExit() + 32
-	at 0x0000000103334e5b java.lang.reflect.Method.invoke:object:() + 23
-	at 0x0000000103334a9d java.lang.reflect.Method.invoke() + 326
-4) testUpperCamelCase(com.google.gson.functional.FieldNamingTest)
-junit.framework.ComparisonFailure: 
-	at 0x0000000102f3e0be java.lang.AssertionError.<init>() + 45
-	at 0x0000000103338381 junit.framework.ComparisonFailure.<init>() + 24
-	at 0x0000000103336c07 junit.framework.Assert.assertEquals() + 91
-	at 0x00000001033b12b6 com.google.gson.functional.FieldNamingTest.testUpperCamelCase() + 278
-	at 0x0000000103334e5b java.lang.reflect.Method.invoke:object:() + 23
-	at 0x0000000103334a9d java.lang.reflect.Method.invoke() + 326
-	at 0x0000000103339d0a junit.framework.TestCase.runTest() + 210
-	at 0x0000000103339b9c junit.framework.TestCase.runBare() + 50
-	at 0x000000010333b38c junit.framework.TestResult.runProtected() + 37
-	at 0x000000010333b323 junit.framework.TestResult.run() + 104
-	at 0x000000010333c834 junit.framework.TestSuite.run() + 288
-	at 0x0000000103367897 org.junit.runners.ParentRunner.runChildren() + 376
-	at 0x0000000103367ce5 org.junit.runners.ParentRunner.run() + 85
-	at 0x000000010335ffec org.junit.runner.JUnitCore.run() + 154
-	at 0x000000010335fd12 org.junit.runner.JUnitCore.runMain() + 669
-	at 0x000000010335f97c org.junit.runner.JUnitCore.runMainAndExit() + 32
-	at 0x0000000103334e5b java.lang.reflect.Method.invoke:object:() + 23
-	at 0x0000000103334a9d java.lang.reflect.Method.invoke() + 326
-5) testUpperCamelCaseWithSpaces(com.google.gson.functional.FieldNamingTest)
-junit.framework.ComparisonFailure: 
-	at 0x0000000102f3e0be java.lang.AssertionError.<init>() + 45
-	at 0x0000000103338381 junit.framework.ComparisonFailure.<init>() + 24
-	at 0x0000000103336c07 junit.framework.Assert.assertEquals() + 91
-	at 0x00000001033b13d6 com.google.gson.functional.FieldNamingTest.testUpperCamelCaseWithSpaces() + 278
-	at 0x0000000103334e5b java.lang.reflect.Method.invoke:object:() + 23
-	at 0x0000000103334a9d java.lang.reflect.Method.invoke() + 326
-	at 0x0000000103339d0a junit.framework.TestCase.runTest() + 210
-	at 0x0000000103339b9c junit.framework.TestCase.runBare() + 50
-	at 0x000000010333b38c junit.framework.TestResult.runProtected() + 37
-	at 0x000000010333b323 junit.framework.TestResult.run() + 104
-	at 0x000000010333c834 junit.framework.TestSuite.run() + 288
-	at 0x0000000103367897 org.junit.runners.ParentRunner.runChildren() + 376
-	at 0x0000000103367ce5 org.junit.runners.ParentRunner.run() + 85
-	at 0x000000010335ffec org.junit.runner.JUnitCore.run() + 154
-	at 0x000000010335fd12 org.junit.runner.JUnitCore.runMain() + 669
-	at 0x000000010335f97c org.junit.runner.JUnitCore.runMainAndExit() + 32
-	at 0x0000000103334e5b java.lang.reflect.Method.invoke:object:() + 23
-	at 0x0000000103334a9d java.lang.reflect.Method.invoke() + 326
-
-FAILURES!!!
-Tests run: 5,  Failures: 5
-
-RUNNING: ComGoogleGsonGenericArrayTypeTest
-JUnit version 4.11
-..
-Time: 0.001
-
-OK (2 tests)
-
-RUNNING: ComGoogleGsonGsonBuilderTest
-JUnit version 4.11
-....
-Time: 0.003
-
-OK (4 tests)
-
-RUNNING: ComGoogleGsonGsonTest
-JUnit version 4.11
-.
-Time: 0.002
-
-OK (1 test)
-
-RUNNING: ComGoogleGsonGsonTypeAdapterTest
-JUnit version 4.11
-.....
-Time: 0.004
-
-OK (5 tests)
-
-RUNNING: ComGoogleGsonInternalGsonTypesTest
-JUnit version 4.11
-..
-Time: 0
-
-OK (2 tests)
-
-RUNNING: ComGoogleGsonFunctionalInheritanceTest
-JUnit version 4.11
-....E.E........
-Time: 0.009
-There were 2 failures:
-1) testSubInterfacesOfCollectionSerialization(com.google.gson.functional.InheritanceTest)
-junit.framework.ComparisonFailure: 
-	at 0x000000010bf790be java.lang.AssertionError.<init>() + 45
-	at 0x000000010c373381 junit.framework.ComparisonFailure.<init>() + 24
-	at 0x000000010c371c07 junit.framework.Assert.assertEquals() + 91
-	at 0x000000010c3fcb8b com.google.gson.functional.InheritanceTest.testSubInterfacesOfCollectionSerialization() + 971
-	at 0x000000010c36fe5b java.lang.reflect.Method.invoke:object:() + 23
-	at 0x000000010c36fa9d java.lang.reflect.Method.invoke() + 326
-	at 0x000000010c374d0a junit.framework.TestCase.runTest() + 210
-	at 0x000000010c374b9c junit.framework.TestCase.runBare() + 50
-	at 0x000000010c37638c junit.framework.TestResult.runProtected() + 37
-	at 0x000000010c376323 junit.framework.TestResult.run() + 104
-	at 0x000000010c377834 junit.framework.TestSuite.run() + 288
-	at 0x000000010c3a2897 org.junit.runners.ParentRunner.runChildren() + 376
-	at 0x000000010c3a2ce5 org.junit.runners.ParentRunner.run() + 85
-	at 0x000000010c39afec org.junit.runner.JUnitCore.run() + 154
-	at 0x000000010c39ad12 org.junit.runner.JUnitCore.runMain() + 669
-	at 0x000000010c39a97c org.junit.runner.JUnitCore.runMainAndExit() + 32
-	at 0x000000010c36fe5b java.lang.reflect.Method.invoke:object:() + 23
-	at 0x000000010c36fa9d java.lang.reflect.Method.invoke() + 326
-2) testSubClassSerialization(com.google.gson.functional.InheritanceTest)
-junit.framework.ComparisonFailure: 
-	at 0x000000010bf790be java.lang.AssertionError.<init>() + 45
-	at 0x000000010c373381 junit.framework.ComparisonFailure.<init>() + 24
-	at 0x000000010c371c07 junit.framework.Assert.assertEquals() + 91
-	at 0x000000010c3fb0e6 com.google.gson.functional.InheritanceTest.testSubClassSerialization() + 214
-	at 0x000000010c36fe5b java.lang.reflect.Method.invoke:object:() + 23
-	at 0x000000010c36fa9d java.lang.reflect.Method.invoke() + 326
-	at 0x000000010c374d0a junit.framework.TestCase.runTest() + 210
-	at 0x000000010c374b9c junit.framework.TestCase.runBare() + 50
-	at 0x000000010c37638c junit.framework.TestResult.runProtected() + 37
-	at 0x000000010c376323 junit.framework.TestResult.run() + 104
-	at 0x000000010c377834 junit.framework.TestSuite.run() + 288
-	at 0x000000010c3a2897 org.junit.runners.ParentRunner.runChildren() + 376
-	at 0x000000010c3a2ce5 org.junit.runners.ParentRunner.run() + 85
-	at 0x000000010c39afec org.junit.runner.JUnitCore.run() + 154
-	at 0x000000010c39ad12 org.junit.runner.JUnitCore.runMain() + 669
-	at 0x000000010c39a97c org.junit.runner.JUnitCore.runMainAndExit() + 32
-	at 0x000000010c36fe5b java.lang.reflect.Method.invoke:object:() + 23
-	at 0x000000010c36fa9d java.lang.reflect.Method.invoke() + 326
-
-FAILURES!!!
-Tests run: 13,  Failures: 2
-
-RUNNING: ComGoogleGsonInnerClassExclusionStrategyTest
-JUnit version 4.11
-....
-Time: 0
-
-OK (4 tests)
-
-RUNNING: ComGoogleGsonFunctionalInstanceCreatorTest
-JUnit version 4.11
-.....
-Time: 0.004
-
-OK (5 tests)
-
-RUNNING: ComGoogleGsonFunctionalInterfaceTest
-JUnit version 4.11
-..
-Time: 0.003
-
-OK (2 tests)
-
-RUNNING: ComGoogleGsonFunctionalInternationalizationTest
-JUnit version 4.11
-....
-Time: 0.002
-
-OK (4 tests)
-
-RUNNING: ComGoogleGsonJavaSerializationTest
-JUnit version 4.11
-...
-Time: 0.008
-
-OK (3 tests)
-
-RUNNING: ComGoogleGsonFunctionalJavaUtilConcurrentAtomicTest
-JUnit version 4.11
-.......
-Time: 0.004
-
-OK (7 tests)
-
-RUNNING: ComGoogleGsonFunctionalJavaUtilTest
-JUnit version 4.11
-..
-Time: 0.002
-
-OK (2 tests)
-
-RUNNING: ComGoogleGsonFunctionalJsonAdapterAnnotationOnClassesTest
-JUnit version 4.11
-....E....
-Time: 0.004
-There was 1 failure:
-1) testIncorrectTypeAdapterFails(com.google.gson.functional.JsonAdapterAnnotationOnClassesTest)
-junit.framework.AssertionFailedError: "jsonAdapter"
-	at 0x00000001019e00be java.lang.AssertionError.<init>() + 45
-	at 0x0000000101dd8afb junit.framework.Assert.fail() + 29
-	at 0x0000000101e6b98a com.google.gson.functional.JsonAdapterAnnotationOnClassesTest.testIncorrectTypeAdapterFails() + 106
-	at 0x0000000101dd6e5b java.lang.reflect.Method.invoke:object:() + 23
-	at 0x0000000101dd6a9d java.lang.reflect.Method.invoke() + 326
-	at 0x0000000101ddbd0a junit.framework.TestCase.runTest() + 210
-	at 0x0000000101ddbb9c junit.framework.TestCase.runBare() + 50
-	at 0x0000000101ddd38c junit.framework.TestResult.runProtected() + 37
-	at 0x0000000101ddd323 junit.framework.TestResult.run() + 104
-	at 0x0000000101dde834 junit.framework.TestSuite.run() + 288
-	at 0x0000000101e09897 org.junit.runners.ParentRunner.runChildren() + 376
-	at 0x0000000101e09ce5 org.junit.runners.ParentRunner.run() + 85
-	at 0x0000000101e01fec org.junit.runner.JUnitCore.run() + 154
-	at 0x0000000101e01d12 org.junit.runner.JUnitCore.runMain() + 669
-	at 0x0000000101e0197c org.junit.runner.JUnitCore.runMainAndExit() + 32
-	at 0x0000000101dd6e5b java.lang.reflect.Method.invoke:object:() + 23
-	at 0x0000000101dd6a9d java.lang.reflect.Method.invoke() + 326
-
-FAILURES!!!
-Tests run: 8,  Failures: 1
-
-RUNNING: ComGoogleGsonFunctionalJsonAdapterAnnotationOnFieldsTest
-JUnit version 4.11
-..........
-Time: 0.005
-
-OK (10 tests)
-
-RUNNING: ComGoogleGsonRegressionJsonAdapterNullSafeTest
-JUnit version 4.11
-..
-Time: 0.002
-
-OK (2 tests)
-
-RUNNING: ComGoogleGsonFunctionalJsonAdapterSerializerDeserializerTest
-JUnit version 4.11
-...
-Time: 0.004
-
-OK (3 tests)
-
-RUNNING: ComGoogleGsonFunctionalJsonArrayTest
-JUnit version 4.11
-........
-Time: 0.002
-
-OK (8 tests)
-
-RUNNING: ComGoogleGsonInternalBindJsonElementReaderTest
-JUnit version 4.11
-.................
-Time: 0.003
-
-OK (17 tests)
-
-RUNNING: ComGoogleGsonJsonNullTest
-JUnit version 4.11
-..
-Time: 0
-
-OK (2 tests)
-
-RUNNING: ComGoogleGsonJsonObjectTest
-JUnit version 4.11
-..............
-Time: 0.005
-
-OK (14 tests)
-
-RUNNING: ComGoogleGsonFunctionalJsonParserTest
-JUnit version 4.11
-........
-Time: 0.005
-
-OK (8 tests)
-
-RUNNING: ComGoogleGsonJsonPrimitiveTest
-JUnit version 4.11
-........................
-Time: 0.002
-
-OK (24 tests)
-
-RUNNING: ComGoogleGsonStreamJsonReaderPathTest
-JUnit version 4.11
-....................
-Time: 0.003
-
-OK (20 tests)
-
-RUNNING: ComGoogleGsonStreamJsonReaderTest
-JUnit version 4.11
-.......................................................................................................................
-Time: 0.014
-
-OK (119 tests)
-
-RUNNING: ComGoogleGsonJsonStreamParserTest
-JUnit version 4.11
-....
-Time: 0.001
-
-OK (4 tests)
-
-RUNNING: ComGoogleGsonInternalBindJsonTreeReaderTest
-JUnit version 4.11
-..
-Time: 0.001
-
-OK (2 tests)
-
-RUNNING: ComGoogleGsonFunctionalJsonTreeTest
-JUnit version 4.11
-....
-Time: 0.005
-
-OK (4 tests)
-
-RUNNING: ComGoogleGsonInternalBindJsonTreeWriterTest
-JUnit version 4.11
-............
-Time: 0.002
-
-OK (12 tests)
-
-RUNNING: ComGoogleGsonStreamJsonWriterTest
-JUnit version 4.11
-.....................................
-Time: 0.006
-
-OK (37 tests)
-
-RUNNING: ComGoogleGsonInternalLazilyParsedNumberTest
-JUnit version 4.11
-..
-Time: 0.001
-
-OK (2 tests)
-
-RUNNING: ComGoogleGsonFunctionalLeniencyTest
-JUnit version 4.11
-.
-Time: 0.002
-
-OK (1 test)
-
-RUNNING: ComGoogleGsonInternalLinkedHashTreeMapTest
-JUnit version 4.11
-..E.E............
-Time: 0.005
-There were 2 failures:
-1) testDoubleCapacityAllNodesOnLeft(com.google.gson.internal.LinkedHashTreeMapTest)
-junit.framework.ComparisonFailure: 
-	at 0x000000010b07f0be java.lang.AssertionError.<init>() + 45
-	at 0x000000010b479381 junit.framework.ComparisonFailure.<init>() + 24
-	at 0x000000010b477c07 junit.framework.Assert.assertEquals() + 91
-	at 0x000000010b5559d8 com.google.gson.internal.LinkedHashTreeMapTest.assertTree() + 56
-	at 0x000000010b555b92 com.google.gson.internal.LinkedHashTreeMapTest.testDoubleCapacityAllNodesOnLeft() + 418
-	at 0x000000010b475e5b java.lang.reflect.Method.invoke:object:() + 23
-	at 0x000000010b475a9d java.lang.reflect.Method.invoke() + 326
-	at 0x000000010b47ad0a junit.framework.TestCase.runTest() + 210
-	at 0x000000010b47ab9c junit.framework.TestCase.runBare() + 50
-	at 0x000000010b47c38c junit.framework.TestResult.runProtected() + 37
-	at 0x000000010b47c323 junit.framework.TestResult.run() + 104
-	at 0x000000010b47d834 junit.framework.TestSuite.run() + 288
-	at 0x000000010b4a8897 org.junit.runners.ParentRunner.runChildren() + 376
-	at 0x000000010b4a8ce5 org.junit.runners.ParentRunner.run() + 85
-	at 0x000000010b4a0fec org.junit.runner.JUnitCore.run() + 154
-	at 0x000000010b4a0d12 org.junit.runner.JUnitCore.runMain() + 669
-	at 0x000000010b4a097c org.junit.runner.JUnitCore.runMainAndExit() + 32
-	at 0x000000010b475e5b java.lang.reflect.Method.invoke:object:() + 23
-	at 0x000000010b475a9d java.lang.reflect.Method.invoke() + 326
-2) testDoubleCapacity(com.google.gson.internal.LinkedHashTreeMapTest)
-junit.framework.ComparisonFailure: 
-	at 0x000000010b07f0be java.lang.AssertionError.<init>() + 45
-	at 0x000000010b479381 junit.framework.ComparisonFailure.<init>() + 24
-	at 0x000000010b477c07 junit.framework.Assert.assertEquals() + 91
-	at 0x000000010b5559d8 com.google.gson.internal.LinkedHashTreeMapTest.assertTree() + 56
-	at 0x000000010b5558e7 com.google.gson.internal.LinkedHashTreeMapTest.testDoubleCapacity() + 535
-	at 0x000000010b475e5b java.lang.reflect.Method.invoke:object:() + 23
-	at 0x000000010b475a9d java.lang.reflect.Method.invoke() + 326
-	at 0x000000010b47ad0a junit.framework.TestCase.runTest() + 210
-	at 0x000000010b47ab9c junit.framework.TestCase.runBare() + 50
-	at 0x000000010b47c38c junit.framework.TestResult.runProtected() + 37
-	at 0x000000010b47c323 junit.framework.TestResult.run() + 104
-	at 0x000000010b47d834 junit.framework.TestSuite.run() + 288
-	at 0x000000010b4a8897 org.junit.runners.ParentRunner.runChildren() + 376
-	at 0x000000010b4a8ce5 org.junit.runners.ParentRunner.run() + 85
-	at 0x000000010b4a0fec org.junit.runner.JUnitCore.run() + 154
-	at 0x000000010b4a0d12 org.junit.runner.JUnitCore.runMain() + 669
-	at 0x000000010b4a097c org.junit.runner.JUnitCore.runMainAndExit() + 32
-	at 0x000000010b475e5b java.lang.reflect.Method.invoke:object:() + 23
-	at 0x000000010b475a9d java.lang.reflect.Method.invoke() + 326
-
-FAILURES!!!
-Tests run: 15,  Failures: 2
-
-RUNNING: ComGoogleGsonInternalLinkedTreeMapTest
-JUnit version 4.11
-...........
-Time: 0.005
-
-OK (11 tests)
-
-RUNNING: ComGoogleGsonLongSerializationPolicyTest
-JUnit version 4.11
-....
-Time: 0.003
-
-OK (4 tests)
-
-RUNNING: ComGoogleGsonFunctionalMapAsArrayTypeAdapterTest
-JUnit version 4.11
-.....
-Time: 0.005
-
-OK (5 tests)
-
-RUNNING: ComGoogleGsonFunctionalMapTest
-JUnit version 4.11
-................................................
-Time: 0.024
-
-OK (48 tests)
-
-RUNNING: ComGoogleGsonMixedStreamTest
-JUnit version 4.11
-............
-Time: 0.007
-
-OK (12 tests)
-
-RUNNING: ComGoogleGsonFunctionalMoreSpecificTypeSerializationTest
-JUnit version 4.11
-......
-Time: 0.005
-
-OK (6 tests)
-
-RUNNING: ComGoogleGsonFunctionalNamingPolicyTest
-JUnit version 4.11
-..............
-Time: 0.005
-
-OK (14 tests)
-
-RUNNING: ComGoogleGsonFunctionalNullObjectAndFieldTest
-JUnit version 4.11
-................
-Time: 0.005
-
-OK (16 tests)
-
-RUNNING: ComGoogleGsonFunctionalObjectTest
-JUnit version 4.11
-....E.....E....E...........E........E.....E.......
-Time: 0.014
-There were 6 failures:
-1) testNullFieldsSerialization(com.google.gson.functional.ObjectTest)
-junit.framework.ComparisonFailure: 
-	at 0x000000010c2f00be java.lang.AssertionError.<init>() + 45
-	at 0x000000010c6ea381 junit.framework.ComparisonFailure.<init>() + 24
-	at 0x000000010c6e8c07 junit.framework.Assert.assertEquals() + 91
-	at 0x000000010c7e5415 com.google.gson.functional.ObjectTest.testNullFieldsSerialization() + 181
-	at 0x000000010c6e6e5b java.lang.reflect.Method.invoke:object:() + 23
-	at 0x000000010c6e6a9d java.lang.reflect.Method.invoke() + 326
-	at 0x000000010c6ebd0a junit.framework.TestCase.runTest() + 210
-	at 0x000000010c6ebb9c junit.framework.TestCase.runBare() + 50
-	at 0x000000010c6ed38c junit.framework.TestResult.runProtected() + 37
-	at 0x000000010c6ed323 junit.framework.TestResult.run() + 104
-	at 0x000000010c6ee834 junit.framework.TestSuite.run() + 288
-	at 0x000000010c719897 org.junit.runners.ParentRunner.runChildren() + 376
-	at 0x000000010c719ce5 org.junit.runners.ParentRunner.run() + 85
-	at 0x000000010c711fec org.junit.runner.JUnitCore.run() + 154
-	at 0x000000010c711d12 org.junit.runner.JUnitCore.runMain() + 669
-	at 0x000000010c71197c org.junit.runner.JUnitCore.runMainAndExit() + 32
-	at 0x000000010c6e6e5b java.lang.reflect.Method.invoke:object:() + 23
-	at 0x000000010c6e6a9d java.lang.reflect.Method.invoke() + 326
-2) testArrayOfArraysSerialization(com.google.gson.functional.ObjectTest)
-junit.framework.ComparisonFailure: 
-	at 0x000000010c2f00be java.lang.AssertionError.<init>() + 45
-	at 0x000000010c6ea381 junit.framework.ComparisonFailure.<init>() + 24
-	at 0x000000010c6e8c07 junit.framework.Assert.assertEquals() + 91
-	at 0x000000010c7e5719 com.google.gson.functional.ObjectTest.testArrayOfArraysSerialization() + 137
-	at 0x000000010c6e6e5b java.lang.reflect.Method.invoke:object:() + 23
-	at 0x000000010c6e6a9d java.lang.reflect.Method.invoke() + 326
-	at 0x000000010c6ebd0a junit.framework.TestCase.runTest() + 210
-	at 0x000000010c6ebb9c junit.framework.TestCase.runBare() + 50
-	at 0x000000010c6ed38c junit.framework.TestResult.runProtected() + 37
-	at 0x000000010c6ed323 junit.framework.TestResult.run() + 104
-	at 0x000000010c6ee834 junit.framework.TestSuite.run() + 288
-	at 0x000000010c719897 org.junit.runners.ParentRunner.runChildren() + 376
-	at 0x000000010c719ce5 org.junit.runners.ParentRunner.run() + 85
-	at 0x000000010c711fec org.junit.runner.JUnitCore.run() + 154
-	at 0x000000010c711d12 org.junit.runner.JUnitCore.runMain() + 669
-	at 0x000000010c71197c org.junit.runner.JUnitCore.runMainAndExit() + 32
-	at 0x000000010c6e6e5b java.lang.reflect.Method.invoke:object:() + 23
-	at 0x000000010c6e6a9d java.lang.reflect.Method.invoke() + 326
-3) testNestedSerialization(com.google.gson.functional.ObjectTest)
-junit.framework.ComparisonFailure: 
-	at 0x000000010c2f00be java.lang.AssertionError.<init>() + 45
-	at 0x000000010c6ea381 junit.framework.ComparisonFailure.<init>() + 24
-	at 0x000000010c6e8c07 junit.framework.Assert.assertEquals() + 91
-	at 0x000000010c7e4ff6 com.google.gson.functional.ObjectTest.testNestedSerialization() + 214
-	at 0x000000010c6e6e5b java.lang.reflect.Method.invoke:object:() + 23
-	at 0x000000010c6e6a9d java.lang.reflect.Method.invoke() + 326
-	at 0x000000010c6ebd0a junit.framework.TestCase.runTest() + 210
-	at 0x000000010c6ebb9c junit.framework.TestCase.runBare() + 50
-	at 0x000000010c6ed38c junit.framework.TestResult.runProtected() + 37
-	at 0x000000010c6ed323 junit.framework.TestResult.run() + 104
-	at 0x000000010c6ee834 junit.framework.TestSuite.run() + 288
-	at 0x000000010c719897 org.junit.runners.ParentRunner.runChildren() + 376
-	at 0x000000010c719ce5 org.junit.runners.ParentRunner.run() + 85
-	at 0x000000010c711fec org.junit.runner.JUnitCore.run() + 154
-	at 0x000000010c711d12 org.junit.runner.JUnitCore.runMain() + 669
-	at 0x000000010c71197c org.junit.runner.JUnitCore.runMainAndExit() + 32
-	at 0x000000010c6e6e5b java.lang.reflect.Method.invoke:object:() + 23
-	at 0x000000010c6e6a9d java.lang.reflect.Method.invoke() + 326
-4) testBagOfPrimitivesSerialization(com.google.gson.functional.ObjectTest)
-junit.framework.ComparisonFailure: 
-	at 0x000000010c2f00be java.lang.AssertionError.<init>() + 45
-	at 0x000000010c6ea381 junit.framework.ComparisonFailure.<init>() + 24
-	at 0x000000010c6e8c07 junit.framework.Assert.assertEquals() + 91
-	at 0x000000010c7e4879 com.google.gson.functional.ObjectTest.testBagOfPrimitivesSerialization() + 169
-	at 0x000000010c6e6e5b java.lang.reflect.Method.invoke:object:() + 23
-	at 0x000000010c6e6a9d java.lang.reflect.Method.invoke() + 326
-	at 0x000000010c6ebd0a junit.framework.TestCase.runTest() + 210
-	at 0x000000010c6ebb9c junit.framework.TestCase.runBare() + 50
-	at 0x000000010c6ed38c junit.framework.TestResult.runProtected() + 37
-	at 0x000000010c6ed323 junit.framework.TestResult.run() + 104
-	at 0x000000010c6ee834 junit.framework.TestSuite.run() + 288
-	at 0x000000010c719897 org.junit.runners.ParentRunner.runChildren() + 376
-	at 0x000000010c719ce5 org.junit.runners.ParentRunner.run() + 85
-	at 0x000000010c711fec org.junit.runner.JUnitCore.run() + 154
-	at 0x000000010c711d12 org.junit.runner.JUnitCore.runMain() + 669
-	at 0x000000010c71197c org.junit.runner.JUnitCore.runMainAndExit() + 32
-	at 0x000000010c6e6e5b java.lang.reflect.Method.invoke:object:() + 23
-	at 0x000000010c6e6a9d java.lang.reflect.Method.invoke() + 326
-5) testArrayOfObjectsSerialization(com.google.gson.functional.ObjectTest)
-junit.framework.ComparisonFailure: 
-	at 0x000000010c2f00be java.lang.AssertionError.<init>() + 45
-	at 0x000000010c6ea381 junit.framework.ComparisonFailure.<init>() + 24
-	at 0x000000010c6e8c07 junit.framework.Assert.assertEquals() + 91
-	at 0x000000010c7e558b com.google.gson.functional.ObjectTest.testArrayOfObjectsSerialization() + 139
-	at 0x000000010c6e6e5b java.lang.reflect.Method.invoke:object:() + 23
-	at 0x000000010c6e6a9d java.lang.reflect.Method.invoke() + 326
-	at 0x000000010c6ebd0a junit.framework.TestCase.runTest() + 210
-	at 0x000000010c6ebb9c junit.framework.TestCase.runBare() + 50
-	at 0x000000010c6ed38c junit.framework.TestResult.runProtected() + 37
-	at 0x000000010c6ed323 junit.framework.TestResult.run() + 104
-	at 0x000000010c6ee834 junit.framework.TestSuite.run() + 288
-	at 0x000000010c719897 org.junit.runners.ParentRunner.runChildren() + 376
-	at 0x000000010c719ce5 org.junit.runners.ParentRunner.run() + 85
-	at 0x000000010c711fec org.junit.runner.JUnitCore.run() + 154
-	at 0x000000010c711d12 org.junit.runner.JUnitCore.runMain() + 669
-	at 0x000000010c71197c org.junit.runner.JUnitCore.runMainAndExit() + 32
-	at 0x000000010c6e6e5b java.lang.reflect.Method.invoke:object:() + 23
-	at 0x000000010c6e6a9d java.lang.reflect.Method.invoke() + 326
-6) testBagOfPrimitiveWrappersSerialization(com.google.gson.functional.ObjectTest)
-junit.framework.ComparisonFailure: 
-	at 0x000000010c2f00be java.lang.AssertionError.<init>() + 45
-	at 0x000000010c6ea381 junit.framework.ComparisonFailure.<init>() + 24
-	at 0x000000010c6e8c07 junit.framework.Assert.assertEquals() + 91
-	at 0x000000010c7e4a4f com.google.gson.functional.ObjectTest.testBagOfPrimitiveWrappersSerialization() + 191
-	at 0x000000010c6e6e5b java.lang.reflect.Method.invoke:object:() + 23
-	at 0x000000010c6e6a9d java.lang.reflect.Method.invoke() + 326
-	at 0x000000010c6ebd0a junit.framework.TestCase.runTest() + 210
-	at 0x000000010c6ebb9c junit.framework.TestCase.runBare() + 50
-	at 0x000000010c6ed38c junit.framework.TestResult.runProtected() + 37
-	at 0x000000010c6ed323 junit.framework.TestResult.run() + 104
-	at 0x000000010c6ee834 junit.framework.TestSuite.run() + 288
-	at 0x000000010c719897 org.junit.runners.ParentRunner.runChildren() + 376
-	at 0x000000010c719ce5 org.junit.runners.ParentRunner.run() + 85
-	at 0x000000010c711fec org.junit.runner.JUnitCore.run() + 154
-	at 0x000000010c711d12 org.junit.runner.JUnitCore.runMain() + 669
-	at 0x000000010c71197c org.junit.runner.JUnitCore.runMainAndExit() + 32
-	at 0x000000010c6e6e5b java.lang.reflect.Method.invoke:object:() + 23
-	at 0x000000010c6e6a9d java.lang.reflect.Method.invoke() + 326
-
-FAILURES!!!
-Tests run: 44,  Failures: 6
-
-RUNNING: ComGoogleGsonObjectTypeAdapterTest
-JUnit version 4.11
-.....
-Time: 0.002
-
-OK (5 tests)
-
-RUNNING: ComGoogleGsonOverrideCoreTypeAdaptersTest
-JUnit version 4.11
-...
-Time: 0.003
-
-OK (3 tests)
-
-RUNNING: ComGoogleGsonParameterizedTypeTest
-JUnit version 4.11
-..
-Time: 0.001
-
-OK (2 tests)
-
-RUNNING: ComGoogleGsonFunctionalParameterizedTypesTest
-JUnit version 4.11
-....E.......E.....E.
-Time: 0.015
-There were 3 failures:
-1) testVariableTypeFieldsAndGenericArraysSerialization(com.google.gson.functional.ParameterizedTypesTest)
-junit.framework.ComparisonFailure: 
-	at 0x00000001042b30be java.lang.AssertionError.<init>() + 45
-	at 0x00000001046ad381 junit.framework.ComparisonFailure.<init>() + 24
-	at 0x00000001046abc07 junit.framework.Assert.assertEquals() + 91
-	at 0x00000001047b229e com.google.gson.functional.ParameterizedTypesTest.testVariableTypeFieldsAndGenericArraysSerialization() + 558
-	at 0x00000001046a9e5b java.lang.reflect.Method.invoke:object:() + 23
-	at 0x00000001046a9a9d java.lang.reflect.Method.invoke() + 326
-	at 0x00000001046aed0a junit.framework.TestCase.runTest() + 210
-	at 0x00000001046aeb9c junit.framework.TestCase.runBare() + 50
-	at 0x00000001046b038c junit.framework.TestResult.runProtected() + 37
-	at 0x00000001046b0323 junit.framework.TestResult.run() + 104
-	at 0x00000001046b1834 junit.framework.TestSuite.run() + 288
-	at 0x00000001046dc897 org.junit.runners.ParentRunner.runChildren() + 376
-	at 0x00000001046dcce5 org.junit.runners.ParentRunner.run() + 85
-	at 0x00000001046d4fec org.junit.runner.JUnitCore.run() + 154
-	at 0x00000001046d4d12 org.junit.runner.JUnitCore.runMain() + 669
-	at 0x00000001046d497c org.junit.runner.JUnitCore.runMainAndExit() + 32
-	at 0x00000001046a9e5b java.lang.reflect.Method.invoke:object:() + 23
-	at 0x00000001046a9a9d java.lang.reflect.Method.invoke() + 326
-2) testVariableTypeFieldsAndGenericArraysDeserialization(com.google.gson.functional.ParameterizedTypesTest)
-junit.framework.ComparisonFailure: 
-	at 0x00000001042b30be java.lang.AssertionError.<init>() + 45
-	at 0x00000001046ad381 junit.framework.ComparisonFailure.<init>() + 24
-	at 0x00000001046abc07 junit.framework.Assert.assertEquals() + 91
-	at 0x00000001047b2603 com.google.gson.functional.ParameterizedTypesTest.testVariableTypeFieldsAndGenericArraysDeserialization() + 707
-	at 0x00000001046a9e5b java.lang.reflect.Method.invoke:object:() + 23
-	at 0x00000001046a9a9d java.lang.reflect.Method.invoke() + 326
-	at 0x00000001046aed0a junit.framework.TestCase.runTest() + 210
-	at 0x00000001046aeb9c junit.framework.TestCase.runBare() + 50
-	at 0x00000001046b038c junit.framework.TestResult.runProtected() + 37
-	at 0x00000001046b0323 junit.framework.TestResult.run() + 104
-	at 0x00000001046b1834 junit.framework.TestSuite.run() + 288
-	at 0x00000001046dc897 org.junit.runners.ParentRunner.runChildren() + 376
-	at 0x00000001046dcce5 org.junit.runners.ParentRunner.run() + 85
-	at 0x00000001046d4fec org.junit.runner.JUnitCore.run() + 154
-	at 0x00000001046d4d12 org.junit.runner.JUnitCore.runMain() + 669
-	at 0x00000001046d497c org.junit.runner.JUnitCore.runMainAndExit() + 32
-	at 0x00000001046a9e5b java.lang.reflect.Method.invoke:object:() + 23
-	at 0x00000001046a9a9d java.lang.reflect.Method.invoke() + 326
-3) testTypesWithMultipleParametersSerialization(com.google.gson.functional.ParameterizedTypesTest)
-junit.framework.ComparisonFailure: 
-	at 0x00000001042b30be java.lang.AssertionError.<init>() + 45
-	at 0x00000001046ad381 junit.framework.ComparisonFailure.<init>() + 24
-	at 0x00000001046abc07 junit.framework.Assert.assertEquals() + 91
-	at 0x00000001047b1723 com.google.gson.functional.ParameterizedTypesTest.testTypesWithMultipleParametersSerialization() + 259
-	at 0x00000001046a9e5b java.lang.reflect.Method.invoke:object:() + 23
-	at 0x00000001046a9a9d java.lang.reflect.Method.invoke() + 326
-	at 0x00000001046aed0a junit.framework.TestCase.runTest() + 210
-	at 0x00000001046aeb9c junit.framework.TestCase.runBare() + 50
-	at 0x00000001046b038c junit.framework.TestResult.runProtected() + 37
-	at 0x00000001046b0323 junit.framework.TestResult.run() + 104
-	at 0x00000001046b1834 junit.framework.TestSuite.run() + 288
-	at 0x00000001046dc897 org.junit.runners.ParentRunner.runChildren() + 376
-	at 0x00000001046dcce5 org.junit.runners.ParentRunner.run() + 85
-	at 0x00000001046d4fec org.junit.runner.JUnitCore.run() + 154
-	at 0x00000001046d4d12 org.junit.runner.JUnitCore.runMain() + 669
-	at 0x00000001046d497c org.junit.runner.JUnitCore.runMainAndExit() + 32
-	at 0x00000001046a9e5b java.lang.reflect.Method.invoke:object:() + 23
-	at 0x00000001046a9a9d java.lang.reflect.Method.invoke() + 326
-
-FAILURES!!!
-Tests run: 17,  Failures: 3
-
-RUNNING: ComGoogleGsonMetricsPerformanceTest
-JUnit version 4.11
-.
-Time: 0.002
-
-OK (1 test)
-
-RUNNING: ComGoogleGsonFunctionalPrettyPrintingTest
-JUnit version 4.11
-........
-Time: 0.005
-
-OK (8 tests)
-
-RUNNING: ComGoogleGsonFunctionalPrimitiveCharacterTest
-JUnit version 4.11
-..
-Time: 0.002
-
-OK (2 tests)
-
-RUNNING: ComGoogleGsonFunctionalPrimitiveTest
-JUnit version 4.11
-...................................................................................................
-Time: 0.016
-
-OK (99 tests)
-
-RUNNING: ComGoogleGsonFunctionalPrintFormattingTest
-JUnit version 4.11
-...
-Time: 0.003
-
-OK (3 tests)
-
-RUNNING: ComGoogleGsonFunctionalRawSerializationTest
-JUnit version 4.11
-.....
-Time: 0.005
-
-OK (5 tests)
-
-RUNNING: ComGoogleGsonFunctionalReadersWritersTest
-JUnit version 4.11
-.....E.....
-Time: 0.004
-There was 1 failure:
-1) testWriterForSerialization(com.google.gson.functional.ReadersWritersTest)
-junit.framework.ComparisonFailure: 
-	at 0x00000001005660be java.lang.AssertionError.<init>() + 45
-	at 0x0000000100960381 junit.framework.ComparisonFailure.<init>() + 24
-	at 0x000000010095ec07 junit.framework.Assert.assertEquals() + 91
-	at 0x0000000100a7a305 com.google.gson.functional.ReadersWritersTest.testWriterForSerialization() + 181
-	at 0x000000010095ce5b java.lang.reflect.Method.invoke:object:() + 23
-	at 0x000000010095ca9d java.lang.reflect.Method.invoke() + 326
-	at 0x0000000100961d0a junit.framework.TestCase.runTest() + 210
-	at 0x0000000100961b9c junit.framework.TestCase.runBare() + 50
-	at 0x000000010096338c junit.framework.TestResult.runProtected() + 37
-	at 0x0000000100963323 junit.framework.TestResult.run() + 104
-	at 0x0000000100964834 junit.framework.TestSuite.run() + 288
-	at 0x000000010098f897 org.junit.runners.ParentRunner.runChildren() + 376
-	at 0x000000010098fce5 org.junit.runners.ParentRunner.run() + 85
-	at 0x0000000100987fec org.junit.runner.JUnitCore.run() + 154
-	at 0x0000000100987d12 org.junit.runner.JUnitCore.runMain() + 669
-	at 0x000000010098797c org.junit.runner.JUnitCore.runMainAndExit() + 32
-	at 0x000000010095ce5b java.lang.reflect.Method.invoke:object:() + 23
-	at 0x000000010095ca9d java.lang.reflect.Method.invoke() + 326
-
-FAILURES!!!
-Tests run: 10,  Failures: 1
-
-RUNNING: ComGoogleGsonFunctionalRuntimeTypeAdapterFactoryFunctionalTest
-JUnit version 4.11
-.
-Time: 0.002
-
-OK (1 test)
-
-RUNNING: ComGoogleGsonFunctionalSecurityTest
-JUnit version 4.11
-.....
-Time: 0.003
-
-OK (5 tests)
-
-RUNNING: ComGoogleGsonFunctionalSerializedNameTest
-JUnit version 4.11
-...
-Time: 0.002
-
-OK (3 tests)
-
-RUNNING: ComGoogleGsonFunctionalStreamingTypeAdaptersTest
-JUnit version 4.11
-................E.
-Time: 0.005
-There was 1 failure:
-1) testSerializeRecursive(com.google.gson.functional.StreamingTypeAdaptersTest)
-junit.framework.ComparisonFailure: 
-	at 0x000000010875b0be java.lang.AssertionError.<init>() + 45
-	at 0x0000000108b55381 junit.framework.ComparisonFailure.<init>() + 24
-	at 0x0000000108b53c07 junit.framework.Assert.assertEquals() + 91
-	at 0x0000000108c79873 com.google.gson.functional.StreamingTypeAdaptersTest.testSerializeRecursive() + 323
-	at 0x0000000108b51e5b java.lang.reflect.Method.invoke:object:() + 23
-	at 0x0000000108b51a9d java.lang.reflect.Method.invoke() + 326
-	at 0x0000000108b56d0a junit.framework.TestCase.runTest() + 210
-	at 0x0000000108b56b9c junit.framework.TestCase.runBare() + 50
-	at 0x0000000108b5838c junit.framework.TestResult.runProtected() + 37
-	at 0x0000000108b58323 junit.framework.TestResult.run() + 104
-	at 0x0000000108b59834 junit.framework.TestSuite.run() + 288
-	at 0x0000000108b84897 org.junit.runners.ParentRunner.runChildren() + 376
-	at 0x0000000108b84ce5 org.junit.runners.ParentRunner.run() + 85
-	at 0x0000000108b7cfec org.junit.runner.JUnitCore.run() + 154
-	at 0x0000000108b7cd12 org.junit.runner.JUnitCore.runMain() + 669
-	at 0x0000000108b7c97c org.junit.runner.JUnitCore.runMainAndExit() + 32
-	at 0x0000000108b51e5b java.lang.reflect.Method.invoke:object:() + 23
-	at 0x0000000108b51a9d java.lang.reflect.Method.invoke() + 326
-
-FAILURES!!!
-Tests run: 17,  Failures: 1
-
-RUNNING: ComGoogleGsonFunctionalStringTest
-JUnit version 4.11
-..................
-Time: 0.004
-
-OK (18 tests)
-
-RUNNING: ComGoogleGsonFunctionalThrowableFunctionalTest
-JUnit version 4.11
-...E.E.
-Time: 0.004
-There were 2 failures:
-1) testErrornWithCause(com.google.gson.functional.ThrowableFunctionalTest)
-junit.framework.ComparisonFailure: 
-	at 0x000000010b57c0be java.lang.AssertionError.<init>() + 45
-	at 0x000000010b976381 junit.framework.ComparisonFailure.<init>() + 24
-	at 0x000000010b974c07 junit.framework.Assert.assertEquals() + 91
-	at 0x000000010baa61b0 com.google.gson.functional.ThrowableFunctionalTest.testErrornWithCause() + 576
-	at 0x000000010b972e5b java.lang.reflect.Method.invoke:object:() + 23
-	at 0x000000010b972a9d java.lang.reflect.Method.invoke() + 326
-	at 0x000000010b977d0a junit.framework.TestCase.runTest() + 210
-	at 0x000000010b977b9c junit.framework.TestCase.runBare() + 50
-	at 0x000000010b97938c junit.framework.TestResult.runProtected() + 37
-	at 0x000000010b979323 junit.framework.TestResult.run() + 104
-	at 0x000000010b97a834 junit.framework.TestSuite.run() + 288
-	at 0x000000010b9a5897 org.junit.runners.ParentRunner.runChildren() + 376
-	at 0x000000010b9a5ce5 org.junit.runners.ParentRunner.run() + 85
-	at 0x000000010b99dfec org.junit.runner.JUnitCore.run() + 154
-	at 0x000000010b99dd12 org.junit.runner.JUnitCore.runMain() + 669
-	at 0x000000010b99d97c org.junit.runner.JUnitCore.runMainAndExit() + 32
-	at 0x000000010b972e5b java.lang.reflect.Method.invoke:object:() + 23
-	at 0x000000010b972a9d java.lang.reflect.Method.invoke() + 326
-2) testExceptionWithCause(com.google.gson.functional.ThrowableFunctionalTest)
-junit.framework.AssertionFailedError
-	at 0x000000010b974aee junit.framework.Assert.fail() + 16
-	at 0x000000010b974a91 junit.framework.Assert.assertFalse() + 0
-	at 0x000000010baa5bf8 com.google.gson.functional.ThrowableFunctionalTest.testExceptionWithCause() + 216
-	at 0x000000010b972e5b java.lang.reflect.Method.invoke:object:() + 23
-	at 0x000000010b972a9d java.lang.reflect.Method.invoke() + 326
-	at 0x000000010b977d0a junit.framework.TestCase.runTest() + 210
-	at 0x000000010b977b9c junit.framework.TestCase.runBare() + 50
-	at 0x000000010b97938c junit.framework.TestResult.runProtected() + 37
-	at 0x000000010b979323 junit.framework.TestResult.run() + 104
-	at 0x000000010b97a834 junit.framework.TestSuite.run() + 288
-	at 0x000000010b9a5897 org.junit.runners.ParentRunner.runChildren() + 376
-	at 0x000000010b9a5ce5 org.junit.runners.ParentRunner.run() + 85
-	at 0x000000010b99dfec org.junit.runner.JUnitCore.run() + 154
-	at 0x000000010b99dd12 org.junit.runner.JUnitCore.runMain() + 669
-	at 0x000000010b99d97c org.junit.runner.JUnitCore.runMainAndExit() + 32
-	at 0x000000010b972e5b java.lang.reflect.Method.invoke:object:() + 23
-	at 0x000000010b972a9d java.lang.reflect.Method.invoke() + 326
-
-FAILURES!!!
-Tests run: 5,  Failures: 2
-
-RUNNING: ComGoogleGsonFunctionalTreeTypeAdaptersTest
-JUnit version 4.11
-..
-Time: 0.004
-
-OK (2 tests)
-
-RUNNING: ComGoogleGsonFunctionalTypeAdapterPrecedenceTest
-JUnit version 4.11
-........
-Time: 0.003
-
-OK (8 tests)
-
-RUNNING: ComGoogleGsonFunctionalTypeHierarchyAdapterTest
-JUnit version 4.11
-...
-Time: 0.004
-
-OK (3 tests)
-
-RUNNING: ComGoogleGsonReflectTypeTokenTest
-JUnit version 4.11
-......
-Time: 0.003
-
-OK (6 tests)
-
-RUNNING: ComGoogleGsonFunctionalTypeVariableTest
-JUnit version 4.11
-...
-Time: 0.005
-
-OK (3 tests)
-
-RUNNING: ComGoogleGsonFunctionalUncategorizedTest
-JUnit version 4.11
-......
-Time: 0.004
-
-OK (6 tests)
-
-RUNNING: ComGoogleGsonInternalUnsafeAllocatorInstantiationTest
-JUnit version 4.11
-...
-Time: 0.001
-
-OK (3 tests)
-
-RUNNING: ComGoogleGsonVersionExclusionStrategyTest
-JUnit version 4.11
-...
-Time: 0
-
-OK (3 tests)
-
-RUNNING: ComGoogleGsonFunctionalVersioningTest
-JUnit version 4.11
-..E........
-Time: 0.004
-There was 1 failure:
-1) testVersionedGsonWithUnversionedClassesSerialization(com.google.gson.functional.VersioningTest)
-junit.framework.ComparisonFailure: 
-	at 0x0000000107dcd0be java.lang.AssertionError.<init>() + 45
-	at 0x00000001081c7381 junit.framework.ComparisonFailure.<init>() + 24
-	at 0x00000001081c5c07 junit.framework.Assert.assertEquals() + 91
-	at 0x0000000108317320 com.google.gson.functional.VersioningTest.testVersionedGsonWithUnversionedClassesSerialization() + 288
-	at 0x00000001081c3e5b java.lang.reflect.Method.invoke:object:() + 23
-	at 0x00000001081c3a9d java.lang.reflect.Method.invoke() + 326
-	at 0x00000001081c8d0a junit.framework.TestCase.runTest() + 210
-	at 0x00000001081c8b9c junit.framework.TestCase.runBare() + 50
-	at 0x00000001081ca38c junit.framework.TestResult.runProtected() + 37
-	at 0x00000001081ca323 junit.framework.TestResult.run() + 104
-	at 0x00000001081cb834 junit.framework.TestSuite.run() + 288
-	at 0x00000001081f6897 org.junit.runners.ParentRunner.runChildren() + 376
-	at 0x00000001081f6ce5 org.junit.runners.ParentRunner.run() + 85
-	at 0x00000001081eefec org.junit.runner.JUnitCore.run() + 154
-	at 0x00000001081eed12 org.junit.runner.JUnitCore.runMain() + 669
-	at 0x00000001081ee97c org.junit.runner.JUnitCore.runMainAndExit() + 32
-	at 0x00000001081c3e5b java.lang.reflect.Method.invoke:object:() + 23
-	at 0x00000001081c3a9d java.lang.reflect.Method.invoke() + 326
-
-FAILURES!!!
-Tests run: 10,  Failures: 1
-
